

Started GET "/analyze?url=http://www.stackshare.io" for 127.0.0.1 at 2015-07-04 16:30:19 -0700

ActiveRecord::NoDatabaseError (FATAL:  database "wappa_api_development" does not exist
Run `$ bin/rake db:create db:migrate` to create your database):
  activerecord (4.1.7) lib/active_record/connection_adapters/postgresql_adapter.rb:898:in `rescue in connect'
  activerecord (4.1.7) lib/active_record/connection_adapters/postgresql_adapter.rb:888:in `connect'
  activerecord (4.1.7) lib/active_record/connection_adapters/postgresql_adapter.rb:568:in `initialize'
  activerecord (4.1.7) lib/active_record/connection_adapters/postgresql_adapter.rb:41:in `new'
  activerecord (4.1.7) lib/active_record/connection_adapters/postgresql_adapter.rb:41:in `postgresql_connection'
  activerecord (4.1.7) lib/active_record/connection_adapters/abstract/connection_pool.rb:435:in `new_connection'
  activerecord (4.1.7) lib/active_record/connection_adapters/abstract/connection_pool.rb:445:in `checkout_new_connection'
  activerecord (4.1.7) lib/active_record/connection_adapters/abstract/connection_pool.rb:416:in `acquire_connection'
  activerecord (4.1.7) lib/active_record/connection_adapters/abstract/connection_pool.rb:351:in `block in checkout'
  /Users/timothychung/.rvm/rubies/ruby-2.1.5/lib/ruby/2.1.0/monitor.rb:211:in `mon_synchronize'
  activerecord (4.1.7) lib/active_record/connection_adapters/abstract/connection_pool.rb:350:in `checkout'
  activerecord (4.1.7) lib/active_record/connection_adapters/abstract/connection_pool.rb:265:in `block in connection'
  /Users/timothychung/.rvm/rubies/ruby-2.1.5/lib/ruby/2.1.0/monitor.rb:211:in `mon_synchronize'
  activerecord (4.1.7) lib/active_record/connection_adapters/abstract/connection_pool.rb:264:in `connection'
  activerecord (4.1.7) lib/active_record/connection_adapters/abstract/connection_pool.rb:541:in `retrieve_connection'
  activerecord (4.1.7) lib/active_record/connection_handling.rb:113:in `retrieve_connection'
  activerecord (4.1.7) lib/active_record/connection_handling.rb:87:in `connection'
  activerecord (4.1.7) lib/active_record/query_cache.rb:51:in `restore_query_cache_settings'
  activerecord (4.1.7) lib/active_record/query_cache.rb:43:in `rescue in call'
  activerecord (4.1.7) lib/active_record/query_cache.rb:32:in `call'
  activerecord (4.1.7) lib/active_record/connection_adapters/abstract/connection_pool.rb:621:in `call'
  activerecord (4.1.7) lib/active_record/migration.rb:380:in `call'
  actionpack (4.1.7) lib/action_dispatch/middleware/callbacks.rb:29:in `block in call'
  activesupport (4.1.7) lib/active_support/callbacks.rb:82:in `run_callbacks'
  actionpack (4.1.7) lib/action_dispatch/middleware/callbacks.rb:27:in `call'
  actionpack (4.1.7) lib/action_dispatch/middleware/reloader.rb:73:in `call'
  actionpack (4.1.7) lib/action_dispatch/middleware/remote_ip.rb:76:in `call'
  actionpack (4.1.7) lib/action_dispatch/middleware/debug_exceptions.rb:17:in `call'
  actionpack (4.1.7) lib/action_dispatch/middleware/show_exceptions.rb:30:in `call'
  railties (4.1.7) lib/rails/rack/logger.rb:38:in `call_app'
  railties (4.1.7) lib/rails/rack/logger.rb:20:in `block in call'
  activesupport (4.1.7) lib/active_support/tagged_logging.rb:68:in `block in tagged'
  activesupport (4.1.7) lib/active_support/tagged_logging.rb:26:in `tagged'
  activesupport (4.1.7) lib/active_support/tagged_logging.rb:68:in `tagged'
  railties (4.1.7) lib/rails/rack/logger.rb:20:in `call'
  actionpack (4.1.7) lib/action_dispatch/middleware/request_id.rb:21:in `call'
  rack (1.5.5) lib/rack/methodoverride.rb:21:in `call'
  rack (1.5.5) lib/rack/runtime.rb:17:in `call'
  activesupport (4.1.7) lib/active_support/cache/strategy/local_cache_middleware.rb:26:in `call'
  rack (1.5.5) lib/rack/lock.rb:17:in `call'
  actionpack (4.1.7) lib/action_dispatch/middleware/static.rb:84:in `call'
  rack (1.5.5) lib/rack/sendfile.rb:112:in `call'
  railties (4.1.7) lib/rails/engine.rb:514:in `call'
  railties (4.1.7) lib/rails/application.rb:144:in `call'
  rack (1.5.5) lib/rack/lock.rb:17:in `call'
  rack (1.5.5) lib/rack/content_length.rb:14:in `call'
  rack (1.5.5) lib/rack/handler/webrick.rb:60:in `service'
  /Users/timothychung/.rvm/rubies/ruby-2.1.5/lib/ruby/2.1.0/webrick/httpserver.rb:138:in `service'
  /Users/timothychung/.rvm/rubies/ruby-2.1.5/lib/ruby/2.1.0/webrick/httpserver.rb:94:in `run'
  /Users/timothychung/.rvm/rubies/ruby-2.1.5/lib/ruby/2.1.0/webrick/server.rb:295:in `block in start_thread'


  Rendered /Users/timothychung/.rvm/gems/ruby-2.1.5/gems/actionpack-4.1.7/lib/action_dispatch/middleware/templates/rescues/_source.erb (1.0ms)
  Rendered /Users/timothychung/.rvm/gems/ruby-2.1.5/gems/actionpack-4.1.7/lib/action_dispatch/middleware/templates/rescues/_trace.html.erb (1.3ms)
  Rendered /Users/timothychung/.rvm/gems/ruby-2.1.5/gems/actionpack-4.1.7/lib/action_dispatch/middleware/templates/rescues/_request_and_response.html.erb (1.0ms)
  Rendered /Users/timothychung/.rvm/gems/ruby-2.1.5/gems/actionpack-4.1.7/lib/action_dispatch/middleware/templates/rescues/diagnostics.erb within rescues/layout (26.9ms)


Started GET "/analyze?url" for 127.0.0.1 at 2015-07-04 16:31:01 -0700

ActiveRecord::NoDatabaseError (FATAL:  database "wappa_api_development" does not exist
Run `$ bin/rake db:create db:migrate` to create your database):
  activerecord (4.1.7) lib/active_record/connection_adapters/postgresql_adapter.rb:898:in `rescue in connect'
  activerecord (4.1.7) lib/active_record/connection_adapters/postgresql_adapter.rb:888:in `connect'
  activerecord (4.1.7) lib/active_record/connection_adapters/postgresql_adapter.rb:568:in `initialize'
  activerecord (4.1.7) lib/active_record/connection_adapters/postgresql_adapter.rb:41:in `new'
  activerecord (4.1.7) lib/active_record/connection_adapters/postgresql_adapter.rb:41:in `postgresql_connection'
  activerecord (4.1.7) lib/active_record/connection_adapters/abstract/connection_pool.rb:435:in `new_connection'
  activerecord (4.1.7) lib/active_record/connection_adapters/abstract/connection_pool.rb:445:in `checkout_new_connection'
  activerecord (4.1.7) lib/active_record/connection_adapters/abstract/connection_pool.rb:416:in `acquire_connection'
  activerecord (4.1.7) lib/active_record/connection_adapters/abstract/connection_pool.rb:351:in `block in checkout'
  /Users/timothychung/.rvm/rubies/ruby-2.1.5/lib/ruby/2.1.0/monitor.rb:211:in `mon_synchronize'
  activerecord (4.1.7) lib/active_record/connection_adapters/abstract/connection_pool.rb:350:in `checkout'
  activerecord (4.1.7) lib/active_record/connection_adapters/abstract/connection_pool.rb:265:in `block in connection'
  /Users/timothychung/.rvm/rubies/ruby-2.1.5/lib/ruby/2.1.0/monitor.rb:211:in `mon_synchronize'
  activerecord (4.1.7) lib/active_record/connection_adapters/abstract/connection_pool.rb:264:in `connection'
  activerecord (4.1.7) lib/active_record/connection_adapters/abstract/connection_pool.rb:541:in `retrieve_connection'
  activerecord (4.1.7) lib/active_record/connection_handling.rb:113:in `retrieve_connection'
  activerecord (4.1.7) lib/active_record/connection_handling.rb:87:in `connection'
  activerecord (4.1.7) lib/active_record/query_cache.rb:51:in `restore_query_cache_settings'
  activerecord (4.1.7) lib/active_record/query_cache.rb:43:in `rescue in call'
  activerecord (4.1.7) lib/active_record/query_cache.rb:32:in `call'
  activerecord (4.1.7) lib/active_record/connection_adapters/abstract/connection_pool.rb:621:in `call'
  activerecord (4.1.7) lib/active_record/migration.rb:380:in `call'
  actionpack (4.1.7) lib/action_dispatch/middleware/callbacks.rb:29:in `block in call'
  activesupport (4.1.7) lib/active_support/callbacks.rb:82:in `run_callbacks'
  actionpack (4.1.7) lib/action_dispatch/middleware/callbacks.rb:27:in `call'
  actionpack (4.1.7) lib/action_dispatch/middleware/reloader.rb:73:in `call'
  actionpack (4.1.7) lib/action_dispatch/middleware/remote_ip.rb:76:in `call'
  actionpack (4.1.7) lib/action_dispatch/middleware/debug_exceptions.rb:17:in `call'
  actionpack (4.1.7) lib/action_dispatch/middleware/show_exceptions.rb:30:in `call'
  railties (4.1.7) lib/rails/rack/logger.rb:38:in `call_app'
  railties (4.1.7) lib/rails/rack/logger.rb:20:in `block in call'
  activesupport (4.1.7) lib/active_support/tagged_logging.rb:68:in `block in tagged'
  activesupport (4.1.7) lib/active_support/tagged_logging.rb:26:in `tagged'
  activesupport (4.1.7) lib/active_support/tagged_logging.rb:68:in `tagged'
  railties (4.1.7) lib/rails/rack/logger.rb:20:in `call'
  actionpack (4.1.7) lib/action_dispatch/middleware/request_id.rb:21:in `call'
  rack (1.5.5) lib/rack/methodoverride.rb:21:in `call'
  rack (1.5.5) lib/rack/runtime.rb:17:in `call'
  activesupport (4.1.7) lib/active_support/cache/strategy/local_cache_middleware.rb:26:in `call'
  rack (1.5.5) lib/rack/lock.rb:17:in `call'
  actionpack (4.1.7) lib/action_dispatch/middleware/static.rb:84:in `call'
  rack (1.5.5) lib/rack/sendfile.rb:112:in `call'
  railties (4.1.7) lib/rails/engine.rb:514:in `call'
  railties (4.1.7) lib/rails/application.rb:144:in `call'
  rack (1.5.5) lib/rack/lock.rb:17:in `call'
  rack (1.5.5) lib/rack/content_length.rb:14:in `call'
  rack (1.5.5) lib/rack/handler/webrick.rb:60:in `service'
  /Users/timothychung/.rvm/rubies/ruby-2.1.5/lib/ruby/2.1.0/webrick/httpserver.rb:138:in `service'
  /Users/timothychung/.rvm/rubies/ruby-2.1.5/lib/ruby/2.1.0/webrick/httpserver.rb:94:in `run'
  /Users/timothychung/.rvm/rubies/ruby-2.1.5/lib/ruby/2.1.0/webrick/server.rb:295:in `block in start_thread'


  Rendered /Users/timothychung/.rvm/gems/ruby-2.1.5/gems/actionpack-4.1.7/lib/action_dispatch/middleware/templates/rescues/_source.erb (0.6ms)
  Rendered /Users/timothychung/.rvm/gems/ruby-2.1.5/gems/actionpack-4.1.7/lib/action_dispatch/middleware/templates/rescues/_trace.html.erb (0.9ms)
  Rendered /Users/timothychung/.rvm/gems/ruby-2.1.5/gems/actionpack-4.1.7/lib/action_dispatch/middleware/templates/rescues/_request_and_response.html.erb (1.1ms)
  Rendered /Users/timothychung/.rvm/gems/ruby-2.1.5/gems/actionpack-4.1.7/lib/action_dispatch/middleware/templates/rescues/diagnostics.erb within rescues/layout (15.3ms)
  [1m[36m (312.4ms)[0m  [1mCREATE DATABASE "wappa_api_development" ENCODING = 'unicode'[0m
  [1m[35m (8.0ms)[0m  CREATE TABLE "schema_migrations" ("version" character varying(255) NOT NULL) 
  [1m[36m (4.5ms)[0m  [1mCREATE UNIQUE INDEX  "unique_schema_migrations" ON "schema_migrations"  ("version")[0m
  [1m[35mActiveRecord::SchemaMigration Load (0.5ms)[0m  SELECT "schema_migrations".* FROM "schema_migrations"


Started GET "/analyze?url" for 127.0.0.1 at 2015-07-04 16:31:54 -0700
Processing by StacksController#get_stacks as */*
  Parameters: {"url"=>nil}
Completed 200 OK in 13ms (Views: 0.2ms | ActiveRecord: 0.0ms)


Started GET "/analyze?url=http://www.stackshare.io" for 127.0.0.1 at 2015-07-04 16:32:54 -0700
Processing by StacksController#get_stacks as */*
  Parameters: {"url"=>"http://www.stackshare.io"}
Completed 200 OK in 1ms (Views: 0.1ms | ActiveRecord: 0.0ms)


Started GET "/analyze?url" for 127.0.0.1 at 2015-07-04 23:06:44 -0700
Processing by StacksController#get_stacks as */*
  Parameters: {"url"=>nil}
Completed 200 OK in 12ms (Views: 0.2ms | ActiveRecord: 0.0ms)


Started GET "/analyze?url=http://www.stackshare.io" for 127.0.0.1 at 2015-07-04 23:06:51 -0700
Processing by StacksController#get_stacks as */*
  Parameters: {"url"=>"http://www.stackshare.io"}
Completed 200 OK in 5ms (Views: 0.2ms | ActiveRecord: 0.0ms)


Started GET "/analyze?url=http://www.stackshare.io" for 127.0.0.1 at 2015-07-04 23:06:55 -0700
Processing by StacksController#get_stacks as */*
  Parameters: {"url"=>"http://www.stackshare.io"}
Completed 200 OK in 2ms (Views: 0.1ms | ActiveRecord: 0.0ms)


Started GET "/analyze?url=http://www.stac" for 127.0.0.1 at 2015-07-04 23:08:07 -0700
Processing by StacksController#get_stacks as */*
  Parameters: {"url"=>"http://www.stac"}
Completed 200 OK in 2ms (Views: 0.1ms | ActiveRecord: 0.0ms)


Started GET "/analyze?url=http://www.stac" for 127.0.0.1 at 2015-07-04 23:08:09 -0700
Processing by StacksController#get_stacks as */*
  Parameters: {"url"=>"http://www.stac"}
Completed 200 OK in 2ms (Views: 0.1ms | ActiveRecord: 0.0ms)


Started GET "/analyze?url=http://www.stac" for 127.0.0.1 at 2015-07-04 23:08:10 -0700
Processing by StacksController#get_stacks as */*
  Parameters: {"url"=>"http://www.stac"}
Completed 200 OK in 1ms (Views: 0.1ms | ActiveRecord: 0.0ms)


Started GET "/analyze?url=http://www.stac" for 127.0.0.1 at 2015-07-04 23:08:11 -0700
Processing by StacksController#get_stacks as */*
  Parameters: {"url"=>"http://www.stac"}
Completed 200 OK in 3ms (Views: 0.1ms | ActiveRecord: 0.0ms)


Started GET "/analyze?url=http://www.stac" for 127.0.0.1 at 2015-07-04 23:09:14 -0700
Processing by StacksController#get_stacks as */*
  Parameters: {"url"=>"http://www.stac"}
Completed 200 OK in 1ms (Views: 0.1ms | ActiveRecord: 0.0ms)


Started GET "/analyze?url=http://www.stac.com" for 127.0.0.1 at 2015-07-04 23:10:42 -0700
Processing by StacksController#get_stacks as */*
  Parameters: {"url"=>"http://www.stac.com"}
Completed 200 OK in 3ms (Views: 0.2ms | ActiveRecord: 0.0ms)


Started GET "/analyze?url=http://www.stac.com" for 127.0.0.1 at 2015-07-04 23:10:45 -0700
Processing by StacksController#get_stacks as */*
  Parameters: {"url"=>"http://www.stac.com"}
Completed 200 OK in 2ms (Views: 0.2ms | ActiveRecord: 0.0ms)


Started GET "/analyze?url=http://www.stac.com" for 127.0.0.1 at 2015-07-04 23:10:49 -0700
Processing by StacksController#get_stacks as */*
  Parameters: {"url"=>"http://www.stac.com"}
Completed 200 OK in 1ms (Views: 0.1ms | ActiveRecord: 0.0ms)


Started GET "/analyze?url=http://www.stac.com" for 127.0.0.1 at 2015-07-04 23:10:52 -0700
Processing by StacksController#get_stacks as */*
  Parameters: {"url"=>"http://www.stac.com"}
Completed 200 OK in 3ms (Views: 0.1ms | ActiveRecord: 0.0ms)


Started GET "/analyze?url=http://www.stac.com" for 127.0.0.1 at 2015-07-04 23:10:52 -0700
Processing by StacksController#get_stacks as */*
  Parameters: {"url"=>"http://www.stac.com"}
Completed 200 OK in 3ms (Views: 0.2ms | ActiveRecord: 0.0ms)


Started GET "/analyze?url=http://www.stac.com" for 127.0.0.1 at 2015-07-04 23:10:53 -0700
Processing by StacksController#get_stacks as */*
  Parameters: {"url"=>"http://www.stac.com"}
Completed 200 OK in 1ms (Views: 0.1ms | ActiveRecord: 0.0ms)


Started GET "/analyze?url=http://www.stac.com" for 127.0.0.1 at 2015-07-04 23:10:53 -0700
Processing by StacksController#get_stacks as */*
  Parameters: {"url"=>"http://www.stac.com"}
Completed 200 OK in 1ms (Views: 0.1ms | ActiveRecord: 0.0ms)


Started GET "/analyze?url=http://www.stac.com" for 127.0.0.1 at 2015-07-04 23:10:54 -0700
Processing by StacksController#get_stacks as */*
  Parameters: {"url"=>"http://www.stac.com"}
Completed 200 OK in 15ms (Views: 0.2ms | ActiveRecord: 0.0ms)


Started GET "/analyze?url=http://www.stac.com" for 127.0.0.1 at 2015-07-04 23:10:55 -0700
Processing by StacksController#get_stacks as */*
  Parameters: {"url"=>"http://www.stac.com"}
Completed 200 OK in 3ms (Views: 0.1ms | ActiveRecord: 0.0ms)


Started GET "/analyze?url=http://www.stac.com" for 127.0.0.1 at 2015-07-04 23:10:55 -0700
Processing by StacksController#get_stacks as */*
  Parameters: {"url"=>"http://www.stac.com"}
Completed 200 OK in 2ms (Views: 0.2ms | ActiveRecord: 0.0ms)


Started GET "/analyze?url=http://www.stac.com" for 127.0.0.1 at 2015-07-04 23:10:56 -0700
Processing by StacksController#get_stacks as */*
  Parameters: {"url"=>"http://www.stac.com"}
Completed 200 OK in 1ms (Views: 0.1ms | ActiveRecord: 0.0ms)


Started GET "/analyze?url=http://www.stac.com" for 127.0.0.1 at 2015-07-04 23:10:56 -0700
Processing by StacksController#get_stacks as */*
  Parameters: {"url"=>"http://www.stac.com"}
Completed 200 OK in 1ms (Views: 0.1ms | ActiveRecord: 0.0ms)


Started GET "/analyze?url=http://www.stac.com" for 127.0.0.1 at 2015-07-04 23:10:57 -0700
Processing by StacksController#get_stacks as */*
  Parameters: {"url"=>"http://www.stac.com"}
Completed 200 OK in 1ms (Views: 0.1ms | ActiveRecord: 0.0ms)


Started GET "/analyze?url=http://www.stac.com" for 127.0.0.1 at 2015-07-04 23:10:57 -0700
Processing by StacksController#get_stacks as */*
  Parameters: {"url"=>"http://www.stac.com"}
Completed 200 OK in 1ms (Views: 0.1ms | ActiveRecord: 0.0ms)


Started GET "/analyze?url=http://www.stac.com" for 127.0.0.1 at 2015-07-04 23:10:57 -0700
Processing by StacksController#get_stacks as */*
  Parameters: {"url"=>"http://www.stac.com"}
Completed 200 OK in 1ms (Views: 0.1ms | ActiveRecord: 0.0ms)


Started GET "/analyze?url=http://www.stac.com" for 127.0.0.1 at 2015-07-04 23:10:57 -0700
Processing by StacksController#get_stacks as */*
  Parameters: {"url"=>"http://www.stac.com"}
Completed 200 OK in 1ms (Views: 0.1ms | ActiveRecord: 0.0ms)


Started GET "/analyze?url=http://www.stac.com" for 127.0.0.1 at 2015-07-04 23:10:58 -0700
Processing by StacksController#get_stacks as */*
  Parameters: {"url"=>"http://www.stac.com"}
Completed 200 OK in 2ms (Views: 0.3ms | ActiveRecord: 0.0ms)


Started GET "/analyze?url=http://www.stac.com" for 127.0.0.1 at 2015-07-04 23:10:59 -0700
Processing by StacksController#get_stacks as */*
  Parameters: {"url"=>"http://www.stac.com"}
Completed 200 OK in 1ms (Views: 0.1ms | ActiveRecord: 0.0ms)


Started GET "/analyze?url=http://www.stac.com" for 127.0.0.1 at 2015-07-04 23:10:59 -0700
Processing by StacksController#get_stacks as */*
  Parameters: {"url"=>"http://www.stac.com"}
Completed 200 OK in 1ms (Views: 0.1ms | ActiveRecord: 0.0ms)


Started GET "/analyze?url=http://www.stac.com" for 127.0.0.1 at 2015-07-04 23:11:00 -0700
Processing by StacksController#get_stacks as */*
  Parameters: {"url"=>"http://www.stac.com"}
Completed 200 OK in 2ms (Views: 0.3ms | ActiveRecord: 0.0ms)


Started GET "/analyze?url=http://www.stac.com" for 127.0.0.1 at 2015-07-04 23:11:01 -0700
Processing by StacksController#get_stacks as */*
  Parameters: {"url"=>"http://www.stac.com"}
Completed 200 OK in 1ms (Views: 0.1ms | ActiveRecord: 0.0ms)


Started GET "/analyze?url=http://www.stac.com" for 127.0.0.1 at 2015-07-04 23:11:01 -0700
Processing by StacksController#get_stacks as */*
  Parameters: {"url"=>"http://www.stac.com"}
Completed 200 OK in 1ms (Views: 0.1ms | ActiveRecord: 0.0ms)


Started GET "/analyze?url=http://www.stac.com" for 127.0.0.1 at 2015-07-04 23:11:02 -0700
Processing by StacksController#get_stacks as */*
  Parameters: {"url"=>"http://www.stac.com"}
Completed 200 OK in 1ms (Views: 0.1ms | ActiveRecord: 0.0ms)


Started GET "/analyze?url=http://www.stac.com" for 127.0.0.1 at 2015-07-04 23:11:03 -0700
Processing by StacksController#get_stacks as */*
  Parameters: {"url"=>"http://www.stac.com"}
Completed 200 OK in 1ms (Views: 0.1ms | ActiveRecord: 0.0ms)


Started GET "/analyze?url=http://www.stac.com" for 127.0.0.1 at 2015-07-04 23:11:04 -0700
Processing by StacksController#get_stacks as */*
  Parameters: {"url"=>"http://www.stac.com"}
Completed 200 OK in 1ms (Views: 0.1ms | ActiveRecord: 0.0ms)


Started GET "/analyze?url=http://www.stac.com" for 127.0.0.1 at 2015-07-04 23:11:04 -0700
Processing by StacksController#get_stacks as */*
  Parameters: {"url"=>"http://www.stac.com"}
Completed 200 OK in 1ms (Views: 0.1ms | ActiveRecord: 0.0ms)


Started GET "/analyze?url=http://www.stac.com" for 127.0.0.1 at 2015-07-04 23:11:05 -0700
Processing by StacksController#get_stacks as */*
  Parameters: {"url"=>"http://www.stac.com"}
Completed 200 OK in 1ms (Views: 0.1ms | ActiveRecord: 0.0ms)


Started GET "/analyze?url=http://www.stac.com" for 127.0.0.1 at 2015-07-04 23:11:06 -0700
Processing by StacksController#get_stacks as */*
  Parameters: {"url"=>"http://www.stac.com"}
Completed 200 OK in 1ms (Views: 0.1ms | ActiveRecord: 0.0ms)


Started GET "/analyze?url=http://www.stac.com" for 127.0.0.1 at 2015-07-04 23:11:07 -0700
Processing by StacksController#get_stacks as */*
  Parameters: {"url"=>"http://www.stac.com"}
Completed 200 OK in 1ms (Views: 0.1ms | ActiveRecord: 0.0ms)


Started GET "/analyze?url=http://www.stac.com" for 127.0.0.1 at 2015-07-04 23:11:07 -0700
Processing by StacksController#get_stacks as */*
  Parameters: {"url"=>"http://www.stac.com"}
Completed 200 OK in 2ms (Views: 0.2ms | ActiveRecord: 0.0ms)


Started GET "/analyze?url=http://www.stack.com" for 127.0.0.1 at 2015-07-04 23:11:13 -0700
Processing by StacksController#get_stacks as */*
  Parameters: {"url"=>"http://www.stack.com"}
Completed 200 OK in 2ms (Views: 0.2ms | ActiveRecord: 0.0ms)


Started GET "/analyze?url=http://www.stack.com" for 127.0.0.1 at 2015-07-04 23:11:15 -0700
Processing by StacksController#get_stacks as */*
  Parameters: {"url"=>"http://www.stack.com"}
Completed 200 OK in 3ms (Views: 0.4ms | ActiveRecord: 0.0ms)


Started GET "/analyze?url=http://www.stack.com" for 127.0.0.1 at 2015-07-04 23:11:15 -0700
Processing by StacksController#get_stacks as */*
  Parameters: {"url"=>"http://www.stack.com"}
Completed 200 OK in 1ms (Views: 0.1ms | ActiveRecord: 0.0ms)


Started GET "/analyze?url=http://www.stack.com" for 127.0.0.1 at 2015-07-04 23:11:17 -0700
Processing by StacksController#get_stacks as */*
  Parameters: {"url"=>"http://www.stack.com"}
Completed 200 OK in 2ms (Views: 0.3ms | ActiveRecord: 0.0ms)


Started GET "/analyze?url=http://www.stack.com" for 127.0.0.1 at 2015-07-04 23:11:18 -0700
Processing by StacksController#get_stacks as */*
  Parameters: {"url"=>"http://www.stack.com"}
Completed 200 OK in 6ms (Views: 0.1ms | ActiveRecord: 0.0ms)


Started GET "/analyze?url=http://www.stackshare.com" for 127.0.0.1 at 2015-07-04 23:11:24 -0700
Processing by StacksController#get_stacks as */*
  Parameters: {"url"=>"http://www.stackshare.com"}
Completed 200 OK in 1ms (Views: 0.1ms | ActiveRecord: 0.0ms)


Started GET "/analyze?url=http://www.stackshare.com" for 127.0.0.1 at 2015-07-04 23:11:25 -0700
Processing by StacksController#get_stacks as */*
  Parameters: {"url"=>"http://www.stackshare.com"}
Completed 200 OK in 1ms (Views: 0.1ms | ActiveRecord: 0.0ms)


Started GET "/analyze?url=http://www.stackshare.com" for 127.0.0.1 at 2015-07-04 23:11:26 -0700
Processing by StacksController#get_stacks as */*
  Parameters: {"url"=>"http://www.stackshare.com"}
Completed 200 OK in 1ms (Views: 0.1ms | ActiveRecord: 0.0ms)


Started GET "/analyze?url=http://www.stackshare.com" for 127.0.0.1 at 2015-07-04 23:11:27 -0700
Processing by StacksController#get_stacks as */*
  Parameters: {"url"=>"http://www.stackshare.com"}
Completed 200 OK in 1ms (Views: 0.1ms | ActiveRecord: 0.0ms)


Started GET "/analyze?url=http://www.stackshare.com" for 127.0.0.1 at 2015-07-04 23:11:28 -0700
Processing by StacksController#get_stacks as */*
  Parameters: {"url"=>"http://www.stackshare.com"}
Completed 200 OK in 1ms (Views: 0.1ms | ActiveRecord: 0.0ms)


Started GET "/analyze?url=http://www.stackshare.com" for 127.0.0.1 at 2015-07-04 23:11:28 -0700
Processing by StacksController#get_stacks as */*
  Parameters: {"url"=>"http://www.stackshare.com"}
Completed 200 OK in 1ms (Views: 0.1ms | ActiveRecord: 0.0ms)


Started GET "/analyze?url=http://www.google.com" for 127.0.0.1 at 2015-07-04 23:11:45 -0700
Processing by StacksController#get_stacks as */*
  Parameters: {"url"=>"http://www.google.com"}
Completed 200 OK in 2ms (Views: 0.5ms | ActiveRecord: 0.0ms)


Started GET "/analyze?url=http://www.google.com" for 127.0.0.1 at 2015-07-04 23:11:48 -0700
Processing by StacksController#get_stacks as */*
  Parameters: {"url"=>"http://www.google.com"}
Completed 200 OK in 1ms (Views: 0.2ms | ActiveRecord: 0.0ms)


Started GET "/analyze?url=http://www.google.com" for 127.0.0.1 at 2015-07-04 23:11:49 -0700
Processing by StacksController#get_stacks as */*
  Parameters: {"url"=>"http://www.google.com"}
Completed 200 OK in 1ms (Views: 0.1ms | ActiveRecord: 0.0ms)


Started GET "/analyze?url=http://www.google.com" for 127.0.0.1 at 2015-07-04 23:11:50 -0700
Processing by StacksController#get_stacks as */*
  Parameters: {"url"=>"http://www.google.com"}
Completed 200 OK in 2ms (Views: 0.2ms | ActiveRecord: 0.0ms)


Started GET "/analyze?url=http://www.google.com" for 127.0.0.1 at 2015-07-04 23:11:51 -0700
Processing by StacksController#get_stacks as */*
  Parameters: {"url"=>"http://www.google.com"}
Completed 200 OK in 2ms (Views: 0.2ms | ActiveRecord: 0.0ms)


Started GET "/analyze?url=http://www.google.com" for 127.0.0.1 at 2015-07-04 23:15:51 -0700
Processing by StacksController#get_stacks as */*
  Parameters: {"url"=>"http://www.google.com"}
Completed 200 OK in 4ms (Views: 1.2ms | ActiveRecord: 0.0ms)


Started GET "/analyze?url=http://www.google.com" for 127.0.0.1 at 2015-07-04 23:15:53 -0700
Processing by StacksController#get_stacks as */*
  Parameters: {"url"=>"http://www.google.com"}
Completed 200 OK in 2ms (Views: 0.2ms | ActiveRecord: 0.0ms)


Started GET "/analyze?url=http://www.google.com" for 127.0.0.1 at 2015-07-04 23:15:54 -0700
Processing by StacksController#get_stacks as */*
  Parameters: {"url"=>"http://www.google.com"}
Completed 200 OK in 1ms (Views: 0.1ms | ActiveRecord: 0.0ms)


Started GET "/analyze?url=http://www.google.com" for 127.0.0.1 at 2015-07-04 23:15:55 -0700
Processing by StacksController#get_stacks as */*
  Parameters: {"url"=>"http://www.google.com"}
Completed 200 OK in 1ms (Views: 0.2ms | ActiveRecord: 0.0ms)


Started GET "/analyze?url=http://www.google.com" for 127.0.0.1 at 2015-07-04 23:17:00 -0700
Processing by StacksController#get_stacks as */*
  Parameters: {"url"=>"http://www.google.com"}
Completed 200 OK in 9ms (Views: 0.1ms | ActiveRecord: 0.0ms)


Started GET "/analyze?url=http://www.google.com" for 127.0.0.1 at 2015-07-04 23:17:01 -0700
Processing by StacksController#get_stacks as */*
  Parameters: {"url"=>"http://www.google.com"}
Completed 200 OK in 1ms (Views: 0.2ms | ActiveRecord: 0.0ms)


Started GET "/analyze?url=http://www.google.com" for 127.0.0.1 at 2015-07-04 23:17:02 -0700
Processing by StacksController#get_stacks as */*
  Parameters: {"url"=>"http://www.google.com"}
Completed 200 OK in 1ms (Views: 0.1ms | ActiveRecord: 0.0ms)


Started GET "/analyze?url=http://www.google.com" for 127.0.0.1 at 2015-07-04 23:17:03 -0700
Processing by StacksController#get_stacks as */*
  Parameters: {"url"=>"http://www.google.com"}
Completed 200 OK in 1ms (Views: 0.1ms | ActiveRecord: 0.0ms)


Started GET "/analyze?url=http://www.google.com" for 127.0.0.1 at 2015-07-04 23:17:03 -0700
Processing by StacksController#get_stacks as */*
  Parameters: {"url"=>"http://www.google.com"}
Completed 200 OK in 2ms (Views: 0.1ms | ActiveRecord: 0.0ms)


Started GET "/analyze?url=http://www.gole.com" for 127.0.0.1 at 2015-07-04 23:17:35 -0700
Processing by StacksController#get_stacks as */*
  Parameters: {"url"=>"http://www.gole.com"}
Completed 200 OK in 3ms (Views: 0.2ms | ActiveRecord: 0.0ms)


Started GET "/analyze?url=http://www.gole.com" for 127.0.0.1 at 2015-07-04 23:17:36 -0700
Processing by StacksController#get_stacks as */*
  Parameters: {"url"=>"http://www.gole.com"}
Completed 200 OK in 1ms (Views: 0.1ms | ActiveRecord: 0.0ms)


Started GET "/analyze?url=http://www.gole.com" for 127.0.0.1 at 2015-07-04 23:17:37 -0700
Processing by StacksController#get_stacks as */*
  Parameters: {"url"=>"http://www.gole.com"}
Completed 200 OK in 1ms (Views: 0.1ms | ActiveRecord: 0.0ms)


Started GET "/analyze?url=http://www.gole.com" for 127.0.0.1 at 2015-07-04 23:17:38 -0700
Processing by StacksController#get_stacks as */*
  Parameters: {"url"=>"http://www.gole.com"}
Completed 200 OK in 1ms (Views: 0.1ms | ActiveRecord: 0.0ms)


Started GET "/analyze?url=http://www.gole.com" for 127.0.0.1 at 2015-07-04 23:17:39 -0700
Processing by StacksController#get_stacks as */*
  Parameters: {"url"=>"http://www.gole.com"}
Completed 200 OK in 6ms (Views: 0.1ms | ActiveRecord: 0.0ms)


Started GET "/analyze?url=http://www.reddit.com" for 127.0.0.1 at 2015-07-04 23:18:54 -0700
Processing by StacksController#get_stacks as */*
  Parameters: {"url"=>"http://www.reddit.com"}
Completed 200 OK in 1ms (Views: 0.1ms | ActiveRecord: 0.0ms)


Started GET "/analyze?url=http://www.reddit.com" for 127.0.0.1 at 2015-07-04 23:18:56 -0700
Processing by StacksController#get_stacks as */*
  Parameters: {"url"=>"http://www.reddit.com"}
Completed 200 OK in 1ms (Views: 0.1ms | ActiveRecord: 0.0ms)


Started GET "/try" for 127.0.0.1 at 2015-07-05 00:01:52 -0700
Processing by StacksController#endpoint as */*
Completed 200 OK in 11ms (Views: 0.6ms | ActiveRecord: 0.0ms)


Started GET "/try" for 127.0.0.1 at 2015-07-05 00:01:59 -0700
Processing by StacksController#endpoint as */*
Completed 200 OK in 1ms (Views: 0.2ms | ActiveRecord: 0.0ms)


Started GET "/try" for 127.0.0.1 at 2015-07-05 00:05:24 -0700
Processing by StacksController#endpoint as */*
Completed 200 OK in 12ms (Views: 0.6ms | ActiveRecord: 0.0ms)


Started GET "/try" for 127.0.0.1 at 2015-07-05 00:05:55 -0700
Processing by StacksController#endpoint as */*
Completed 200 OK in 9ms (Views: 0.2ms | ActiveRecord: 0.0ms)


Started GET "/analyze?url=http://www.reddit.com" for 127.0.0.1 at 2015-07-05 00:16:52 -0700
Processing by StacksController#get_stacks as */*
  Parameters: {"url"=>"http://www.reddit.com"}
Completed 200 OK in 12ms (Views: 0.1ms | ActiveRecord: 0.0ms)


Started GET "/analyze?url=http://www.reddt.com" for 127.0.0.1 at 2015-07-05 00:16:58 -0700
Processing by StacksController#get_stacks as */*
  Parameters: {"url"=>"http://www.reddt.com"}
Completed 200 OK in 5ms (Views: 0.2ms | ActiveRecord: 0.0ms)


Started GET "/analyze?url=http://www.reddt.com" for 127.0.0.1 at 2015-07-05 00:16:59 -0700
Processing by StacksController#get_stacks as */*
  Parameters: {"url"=>"http://www.reddt.com"}
Completed 200 OK in 1ms (Views: 0.1ms | ActiveRecord: 0.0ms)


Started GET "/analyze?url=http://www.reddt.com" for 127.0.0.1 at 2015-07-05 00:17:00 -0700
Processing by StacksController#get_stacks as */*
  Parameters: {"url"=>"http://www.reddt.com"}
Completed 200 OK in 2ms (Views: 0.3ms | ActiveRecord: 0.0ms)


Started GET "/analyze?url=http://www.reddt.com" for 127.0.0.1 at 2015-07-05 00:17:01 -0700
Processing by StacksController#get_stacks as */*
  Parameters: {"url"=>"http://www.reddt.com"}
Completed 200 OK in 1ms (Views: 0.1ms | ActiveRecord: 0.0ms)


Started GET "/analyze?url=http://www.reddt.com" for 127.0.0.1 at 2015-07-05 00:17:01 -0700
Processing by StacksController#get_stacks as */*
  Parameters: {"url"=>"http://www.reddt.com"}
Completed 200 OK in 1ms (Views: 0.1ms | ActiveRecord: 0.0ms)


Started GET "/analyze?url=http://www.reddt.com" for 127.0.0.1 at 2015-07-05 00:17:25 -0700
Processing by StacksController#get_stacks as */*
  Parameters: {"url"=>"http://www.reddt.com"}
Completed 200 OK in 1ms (Views: 0.1ms | ActiveRecord: 0.0ms)


Started GET "/analyze?url=http://www.reddt.com" for 127.0.0.1 at 2015-07-05 00:17:26 -0700
Processing by StacksController#get_stacks as */*
  Parameters: {"url"=>"http://www.reddt.com"}
Completed 200 OK in 1ms (Views: 0.1ms | ActiveRecord: 0.0ms)


Started GET "/analyze?url=http://www.reddt.com" for 127.0.0.1 at 2015-07-05 00:17:41 -0700
Processing by StacksController#get_stacks as */*
  Parameters: {"url"=>"http://www.reddt.com"}
Completed 200 OK in 1ms (Views: 0.1ms | ActiveRecord: 0.0ms)


Started GET "/analyze?url=http://www.reddt.com" for 127.0.0.1 at 2015-07-05 00:17:42 -0700
Processing by StacksController#get_stacks as */*
  Parameters: {"url"=>"http://www.reddt.com"}
Completed 200 OK in 1ms (Views: 0.1ms | ActiveRecord: 0.0ms)


Started GET "/analyze?url=http://www.reddt.com" for 127.0.0.1 at 2015-07-05 00:17:42 -0700
Processing by StacksController#get_stacks as */*
  Parameters: {"url"=>"http://www.reddt.com"}
Completed 200 OK in 1ms (Views: 0.1ms | ActiveRecord: 0.0ms)


Started GET "/analyze?url=http://www.reddt.com" for 127.0.0.1 at 2015-07-05 00:17:42 -0700
Processing by StacksController#get_stacks as */*
  Parameters: {"url"=>"http://www.reddt.com"}
Completed 200 OK in 1ms (Views: 0.2ms | ActiveRecord: 0.0ms)


Started GET "/analyze?url=http://www.reddt.com" for 127.0.0.1 at 2015-07-05 00:17:42 -0700
Processing by StacksController#get_stacks as */*
  Parameters: {"url"=>"http://www.reddt.com"}
Completed 200 OK in 1ms (Views: 0.1ms | ActiveRecord: 0.0ms)


Started GET "/analyze?url=http://www.reddt.com" for 127.0.0.1 at 2015-07-05 00:17:43 -0700
Processing by StacksController#get_stacks as */*
  Parameters: {"url"=>"http://www.reddt.com"}
Completed 200 OK in 1ms (Views: 0.1ms | ActiveRecord: 0.0ms)


Started GET "/analyze?url=http://www.reddt.com" for 127.0.0.1 at 2015-07-05 00:17:43 -0700
Processing by StacksController#get_stacks as */*
  Parameters: {"url"=>"http://www.reddt.com"}
Completed 200 OK in 1ms (Views: 0.1ms | ActiveRecord: 0.0ms)


Started GET "/analyze?url=http://www.reddt.com" for 127.0.0.1 at 2015-07-05 00:17:43 -0700
Processing by StacksController#get_stacks as */*
  Parameters: {"url"=>"http://www.reddt.com"}
Completed 200 OK in 2ms (Views: 0.1ms | ActiveRecord: 0.0ms)


Started GET "/analyze?url=http://www.reddt.com" for 127.0.0.1 at 2015-07-05 00:17:44 -0700
Processing by StacksController#get_stacks as */*
  Parameters: {"url"=>"http://www.reddt.com"}
Completed 200 OK in 3ms (Views: 0.2ms | ActiveRecord: 0.0ms)


Started GET "/analyze?url=http://www.reddt.com" for 127.0.0.1 at 2015-07-05 00:17:44 -0700
Processing by StacksController#get_stacks as */*
  Parameters: {"url"=>"http://www.reddt.com"}
Completed 200 OK in 1ms (Views: 0.1ms | ActiveRecord: 0.0ms)


Started GET "/analyze?url=http://www.reddt.com" for 127.0.0.1 at 2015-07-05 00:17:44 -0700
Processing by StacksController#get_stacks as */*
  Parameters: {"url"=>"http://www.reddt.com"}
Completed 200 OK in 4ms (Views: 0.1ms | ActiveRecord: 0.0ms)


Started GET "/analyze?url=http://www.reddt.com" for 127.0.0.1 at 2015-07-05 00:17:44 -0700
Processing by StacksController#get_stacks as */*
  Parameters: {"url"=>"http://www.reddt.com"}
Completed 200 OK in 1ms (Views: 0.1ms | ActiveRecord: 0.0ms)


Started GET "/analyze?url=http://www.reddit.com" for 127.0.0.1 at 2015-07-05 00:17:48 -0700
Processing by StacksController#get_stacks as */*
  Parameters: {"url"=>"http://www.reddit.com"}
Completed 200 OK in 1ms (Views: 0.1ms | ActiveRecord: 0.0ms)


Started GET "/analyze?url=http://www.benchmark.com" for 127.0.0.1 at 2015-07-05 00:18:05 -0700
Processing by StacksController#get_stacks as */*
  Parameters: {"url"=>"http://www.benchmark.com"}
Completed 200 OK in 1ms (Views: 0.2ms | ActiveRecord: 0.0ms)


Started GET "/analyze?url=http://www.benchmark.com" for 127.0.0.1 at 2015-07-05 00:18:07 -0700
Processing by StacksController#get_stacks as */*
  Parameters: {"url"=>"http://www.benchmark.com"}
Completed 200 OK in 1ms (Views: 0.1ms | ActiveRecord: 0.0ms)


Started GET "/analyze?url=http://www.benchmark.com" for 127.0.0.1 at 2015-07-05 00:18:09 -0700
Processing by StacksController#get_stacks as */*
  Parameters: {"url"=>"http://www.benchmark.com"}
Completed 200 OK in 1ms (Views: 0.1ms | ActiveRecord: 0.0ms)


Started GET "/analyze?url=http://www.benchmark.com" for 127.0.0.1 at 2015-07-05 00:18:10 -0700
Processing by StacksController#get_stacks as */*
  Parameters: {"url"=>"http://www.benchmark.com"}
Completed 200 OK in 1ms (Views: 0.1ms | ActiveRecord: 0.0ms)


Started GET "/analyze?url=http://www.benchmark.com" for 127.0.0.1 at 2015-07-05 00:18:10 -0700
Processing by StacksController#get_stacks as */*
  Parameters: {"url"=>"http://www.benchmark.com"}
Completed 200 OK in 1ms (Views: 0.1ms | ActiveRecord: 0.0ms)


Started GET "/analyze?url=http://www.benchmark.com" for 127.0.0.1 at 2015-07-05 00:18:12 -0700
Processing by StacksController#get_stacks as */*
  Parameters: {"url"=>"http://www.benchmark.com"}
Completed 200 OK in 1ms (Views: 0.2ms | ActiveRecord: 0.0ms)


Started GET "/analyze?url=http://www.zappos.com" for 127.0.0.1 at 2015-07-05 00:24:14 -0700
Processing by StacksController#get_stacks as */*
  Parameters: {"url"=>"http://www.zappos.com"}
Completed 200 OK in 10ms (Views: 0.1ms | ActiveRecord: 0.0ms)


Started GET "/analyze?url=http://www.zappos.com" for 127.0.0.1 at 2015-07-05 00:24:15 -0700
Processing by StacksController#get_stacks as */*
  Parameters: {"url"=>"http://www.zappos.com"}
Completed 200 OK in 1ms (Views: 0.1ms | ActiveRecord: 0.0ms)


Started GET "/analyze?url=http://www.zappos.com" for 127.0.0.1 at 2015-07-05 00:24:16 -0700
Processing by StacksController#get_stacks as */*
  Parameters: {"url"=>"http://www.zappos.com"}
Completed 200 OK in 1ms (Views: 0.1ms | ActiveRecord: 0.0ms)


Started GET "/analyze?url=http://www.zappos.com" for 127.0.0.1 at 2015-07-05 00:24:17 -0700
Processing by StacksController#get_stacks as */*
  Parameters: {"url"=>"http://www.zappos.com"}
Completed 200 OK in 1ms (Views: 0.1ms | ActiveRecord: 0.0ms)


Started GET "/analyze?url=http://www.zappos.com" for 127.0.0.1 at 2015-07-05 00:24:18 -0700
Processing by StacksController#get_stacks as */*
  Parameters: {"url"=>"http://www.zappos.com"}
Completed 200 OK in 1ms (Views: 0.1ms | ActiveRecord: 0.0ms)


Started GET "/analyze?url=http://www.zappos.com" for 127.0.0.1 at 2015-07-05 00:24:18 -0700
Processing by StacksController#get_stacks as */*
  Parameters: {"url"=>"http://www.zappos.com"}
Completed 200 OK in 1ms (Views: 0.1ms | ActiveRecord: 0.0ms)


Started GET "/analyze?url=http://www.zappos.com" for 127.0.0.1 at 2015-07-05 00:24:19 -0700
Processing by StacksController#get_stacks as */*
  Parameters: {"url"=>"http://www.zappos.com"}
Completed 200 OK in 1ms (Views: 0.1ms | ActiveRecord: 0.0ms)


Started GET "/analyze?url=http://www.zapp.com" for 127.0.0.1 at 2015-07-05 00:24:22 -0700
Processing by StacksController#get_stacks as */*
  Parameters: {"url"=>"http://www.zapp.com"}
Completed 200 OK in 4ms (Views: 0.3ms | ActiveRecord: 0.0ms)


Started GET "/analyze?url=http://www.zapp.com" for 127.0.0.1 at 2015-07-05 00:24:23 -0700
Processing by StacksController#get_stacks as */*
  Parameters: {"url"=>"http://www.zapp.com"}
Completed 200 OK in 1ms (Views: 0.1ms | ActiveRecord: 0.0ms)


Started GET "/analyze?url=http://www.zapp.com" for 127.0.0.1 at 2015-07-05 00:24:24 -0700
Processing by StacksController#get_stacks as */*
  Parameters: {"url"=>"http://www.zapp.com"}
Completed 200 OK in 1ms (Views: 0.2ms | ActiveRecord: 0.0ms)


Started GET "/analyze?url=http://www.zapp.com" for 127.0.0.1 at 2015-07-05 00:24:25 -0700
Processing by StacksController#get_stacks as */*
  Parameters: {"url"=>"http://www.zapp.com"}
Completed 200 OK in 1ms (Views: 0.2ms | ActiveRecord: 0.0ms)


Started GET "/analyze?url=http://www.zapp.com" for 127.0.0.1 at 2015-07-05 00:24:26 -0700
Processing by StacksController#get_stacks as */*
  Parameters: {"url"=>"http://www.zapp.com"}
Completed 200 OK in 1ms (Views: 0.1ms | ActiveRecord: 0.0ms)


Started GET "/analyze?url=http://www.zapp.com" for 127.0.0.1 at 2015-07-05 00:24:27 -0700
Processing by StacksController#get_stacks as */*
  Parameters: {"url"=>"http://www.zapp.com"}
Completed 200 OK in 1ms (Views: 0.1ms | ActiveRecord: 0.0ms)


Started GET "/analyze?url=http://www.zapp.com" for 127.0.0.1 at 2015-07-05 00:24:28 -0700
Processing by StacksController#get_stacks as */*
  Parameters: {"url"=>"http://www.zapp.com"}
Completed 200 OK in 1ms (Views: 0.1ms | ActiveRecord: 0.0ms)


Started GET "/analyze?url=http://www.zapp.com" for 127.0.0.1 at 2015-07-05 00:24:28 -0700
Processing by StacksController#get_stacks as */*
  Parameters: {"url"=>"http://www.zapp.com"}
Completed 200 OK in 3ms (Views: 0.1ms | ActiveRecord: 0.0ms)


Started GET "/analyze?url=http://www.zapp.com" for 127.0.0.1 at 2015-07-05 00:24:28 -0700
Processing by StacksController#get_stacks as */*
  Parameters: {"url"=>"http://www.zapp.com"}
Completed 200 OK in 12ms (Views: 0.1ms | ActiveRecord: 0.0ms)


Started GET "/analyze?url=http://www.zapp.com" for 127.0.0.1 at 2015-07-05 00:24:29 -0700
Processing by StacksController#get_stacks as */*
  Parameters: {"url"=>"http://www.zapp.com"}
Completed 200 OK in 1ms (Views: 0.1ms | ActiveRecord: 0.0ms)


Started GET "/analyze?url=http://www.zapp.com" for 127.0.0.1 at 2015-07-05 00:24:29 -0700
Processing by StacksController#get_stacks as */*
  Parameters: {"url"=>"http://www.zapp.com"}
Completed 200 OK in 1ms (Views: 0.1ms | ActiveRecord: 0.0ms)


Started GET "/analyze?url=http://www.zapp.com" for 127.0.0.1 at 2015-07-05 00:24:29 -0700
Processing by StacksController#get_stacks as */*
  Parameters: {"url"=>"http://www.zapp.com"}
Completed 200 OK in 1ms (Views: 0.1ms | ActiveRecord: 0.0ms)


Started GET "/analyze?url=http://www.zapp.com" for 127.0.0.1 at 2015-07-05 00:24:29 -0700
Processing by StacksController#get_stacks as */*
  Parameters: {"url"=>"http://www.zapp.com"}
Completed 200 OK in 1ms (Views: 0.1ms | ActiveRecord: 0.0ms)


Started GET "/analyze?url=http://www.zapp.com" for 127.0.0.1 at 2015-07-05 00:55:17 -0700
Processing by StacksController#get_stacks as */*
  Parameters: {"url"=>"http://www.zapp.com"}
Completed 200 OK in 7ms (Views: 0.8ms | ActiveRecord: 0.0ms)


Started GET "/analyze?url=http://www.zapp.com" for 127.0.0.1 at 2015-07-05 00:55:18 -0700
Processing by StacksController#get_stacks as */*
  Parameters: {"url"=>"http://www.zapp.com"}
Completed 200 OK in 1ms (Views: 0.1ms | ActiveRecord: 0.0ms)


Started GET "/analyze?url=http://www.zappos.com" for 127.0.0.1 at 2015-07-05 00:55:22 -0700
Processing by StacksController#get_stacks as */*
  Parameters: {"url"=>"http://www.zappos.com"}
Completed 200 OK in 1ms (Views: 0.1ms | ActiveRecord: 0.0ms)


Started GET "/analyze?url=https://github.com/redis/redis-rb" for 127.0.0.1 at 2015-07-05 00:56:32 -0700
Processing by StacksController#get_stacks as */*
  Parameters: {"url"=>"https://github.com/redis/redis-rb"}
Completed 200 OK in 6ms (Views: 1.0ms | ActiveRecord: 0.0ms)


Started GET "/analyze?url=https://github.com/redis/redis-rb" for 127.0.0.1 at 2015-07-05 00:56:33 -0700
Processing by StacksController#get_stacks as */*
  Parameters: {"url"=>"https://github.com/redis/redis-rb"}
Completed 200 OK in 2ms (Views: 0.2ms | ActiveRecord: 0.0ms)


Started GET "/analyze?url=https://github.com/redis/redis-rb" for 127.0.0.1 at 2015-07-05 00:56:35 -0700
Processing by StacksController#get_stacks as */*
  Parameters: {"url"=>"https://github.com/redis/redis-rb"}
Completed 200 OK in 2ms (Views: 0.1ms | ActiveRecord: 0.0ms)


Started GET "/analyze?url=https://github.com/resdis/redis-rb" for 127.0.0.1 at 2015-07-05 01:05:18 -0700
Processing by StacksController#get_stacks as */*
  Parameters: {"url"=>"https://github.com/resdis/redis-rb"}
Completed 200 OK in 12ms (Views: 0.2ms | ActiveRecord: 0.0ms)


Started GET "/analyze?url=https://github.com/rgbesdis/redis-rb" for 127.0.0.1 at 2015-07-05 12:55:11 -0700
Processing by StacksController#get_stacks as */*
  Parameters: {"url"=>"https://github.com/rgbesdis/redis-rb"}
Completed 200 OK in 10ms (Views: 0.2ms | ActiveRecord: 0.0ms)


Started GET "/analyze?url=https://github.com/rgbesdis/redis-rb" for 127.0.0.1 at 2015-07-05 12:55:23 -0700
Processing by StacksController#get_stacks as */*
  Parameters: {"url"=>"https://github.com/rgbesdis/redis-rb"}
Completed 200 OK in 1ms (Views: 0.1ms | ActiveRecord: 0.0ms)


Started GET "/analyze?url=https://github.com/rgbesdis/redis-rb" for 127.0.0.1 at 2015-07-05 12:55:28 -0700
Processing by StacksController#get_stacks as */*
  Parameters: {"url"=>"https://github.com/rgbesdis/redis-rb"}
Completed 200 OK in 1ms (Views: 0.1ms | ActiveRecord: 0.0ms)


Started GET "/analyze?url=https://github.com/rgbesdis/redis-rb" for 127.0.0.1 at 2015-07-05 12:55:29 -0700
Processing by StacksController#get_stacks as */*
  Parameters: {"url"=>"https://github.com/rgbesdis/redis-rb"}
Completed 200 OK in 1ms (Views: 0.1ms | ActiveRecord: 0.0ms)


Started GET "/analyze?url=https://github.com" for 127.0.0.1 at 2015-07-05 12:55:36 -0700
Processing by StacksController#get_stacks as */*
  Parameters: {"url"=>"https://github.com"}
Completed 200 OK in 1ms (Views: 0.2ms | ActiveRecord: 0.0ms)


Started GET "/analyze?url=https://github.com" for 127.0.0.1 at 2015-07-05 12:55:40 -0700
Processing by StacksController#get_stacks as */*
  Parameters: {"url"=>"https://github.com"}
Completed 200 OK in 1ms (Views: 0.1ms | ActiveRecord: 0.0ms)


Started GET "/analyze?url=https://github.com" for 127.0.0.1 at 2015-07-05 14:16:19 -0700
Processing by StacksController#get_stacks as */*
  Parameters: {"url"=>"https://github.com"}
Completed 200 OK in 3ms (Views: 0.1ms | ActiveRecord: 0.0ms)


Started GET "/analyze?url=https://digitalocean.com" for 127.0.0.1 at 2015-07-05 14:16:27 -0700
Processing by StacksController#get_stacks as */*
  Parameters: {"url"=>"https://digitalocean.com"}
Completed 200 OK in 1ms (Views: 0.1ms | ActiveRecord: 0.0ms)


Started GET "/analyze?url=https://digitalocean.com" for 127.0.0.1 at 2015-07-05 14:16:29 -0700
Processing by StacksController#get_stacks as */*
  Parameters: {"url"=>"https://digitalocean.com"}
Completed 200 OK in 1ms (Views: 0.1ms | ActiveRecord: 0.0ms)


Started GET "/analyze?url=https://digitalocean.com" for 127.0.0.1 at 2015-07-05 14:16:33 -0700
Processing by StacksController#get_stacks as */*
  Parameters: {"url"=>"https://digitalocean.com"}
Completed 200 OK in 1ms (Views: 0.1ms | ActiveRecord: 0.0ms)


Started GET "/analyze?url=http://digitalocean.com" for 127.0.0.1 at 2015-07-05 14:16:39 -0700
Processing by StacksController#get_stacks as */*
  Parameters: {"url"=>"http://digitalocean.com"}
Completed 200 OK in 1ms (Views: 0.2ms | ActiveRecord: 0.0ms)


Started GET "/analyze?url=http://digitalocean.com" for 127.0.0.1 at 2015-07-05 14:16:41 -0700
Processing by StacksController#get_stacks as */*
  Parameters: {"url"=>"http://digitalocean.com"}
Completed 200 OK in 1ms (Views: 0.1ms | ActiveRecord: 0.0ms)


Started GET "/analyze?url=http://digitalocean.com" for 127.0.0.1 at 2015-07-05 14:16:42 -0700
Processing by StacksController#get_stacks as */*
  Parameters: {"url"=>"http://digitalocean.com"}
Completed 200 OK in 2ms (Views: 0.1ms | ActiveRecord: 0.0ms)


Started GET "/analyze?url=http://www.digitalocean.com" for 127.0.0.1 at 2015-07-05 14:16:46 -0700
Processing by StacksController#get_stacks as */*
  Parameters: {"url"=>"http://www.digitalocean.com"}
Completed 200 OK in 1ms (Views: 0.1ms | ActiveRecord: 0.0ms)


Started GET "/analyze?url=http://www.digitalocean.com" for 127.0.0.1 at 2015-07-05 14:16:47 -0700
Processing by StacksController#get_stacks as */*
  Parameters: {"url"=>"http://www.digitalocean.com"}
Completed 200 OK in 1ms (Views: 0.1ms | ActiveRecord: 0.0ms)


Started GET "/analyze?url=http://www.digitalocean.com" for 127.0.0.1 at 2015-07-05 14:16:49 -0700
Processing by StacksController#get_stacks as */*
  Parameters: {"url"=>"http://www.digitalocean.com"}
Completed 200 OK in 2ms (Views: 0.3ms | ActiveRecord: 0.0ms)


Started GET "/analyze?url=http://www.digitalocean.com" for 127.0.0.1 at 2015-07-05 14:16:49 -0700
Processing by StacksController#get_stacks as */*
  Parameters: {"url"=>"http://www.digitalocean.com"}
Completed 200 OK in 1ms (Views: 0.2ms | ActiveRecord: 0.0ms)


Started GET "/analyze?url=http://www.digitalocean.com" for 127.0.0.1 at 2015-07-05 14:16:51 -0700
Processing by StacksController#get_stacks as */*
  Parameters: {"url"=>"http://www.digitalocean.com"}
Completed 200 OK in 1ms (Views: 0.1ms | ActiveRecord: 0.0ms)


Started GET "/analyze?url=http://www.digitalocean.com" for 127.0.0.1 at 2015-07-05 14:16:55 -0700
Processing by StacksController#get_stacks as */*
  Parameters: {"url"=>"http://www.digitalocean.com"}
Completed 200 OK in 2ms (Views: 0.1ms | ActiveRecord: 0.0ms)


Started GET "/analyze?url=http://www.digitalocean.com" for 127.0.0.1 at 2015-07-05 14:16:56 -0700
Processing by StacksController#get_stacks as */*
  Parameters: {"url"=>"http://www.digitalocean.com"}
Completed 200 OK in 1ms (Views: 0.1ms | ActiveRecord: 0.0ms)


Started GET "/analyze?url=http://digitalocean.com" for 127.0.0.1 at 2015-07-05 14:17:14 -0700
Processing by StacksController#get_stacks as */*
  Parameters: {"url"=>"http://digitalocean.com"}
Completed 200 OK in 1ms (Views: 0.1ms | ActiveRecord: 0.0ms)


Started GET "/analyze?url=http://digitalocean.com" for 127.0.0.1 at 2015-07-05 14:17:15 -0700
Processing by StacksController#get_stacks as */*
  Parameters: {"url"=>"http://digitalocean.com"}
Completed 200 OK in 1ms (Views: 0.1ms | ActiveRecord: 0.0ms)


Started GET "/analyze?url=http://www.digitalocean.com" for 127.0.0.1 at 2015-07-05 14:17:19 -0700
Processing by StacksController#get_stacks as */*
  Parameters: {"url"=>"http://www.digitalocean.com"}
Completed 200 OK in 1ms (Views: 0.2ms | ActiveRecord: 0.0ms)


Started GET "/analyze?url=http://www.wappalyzer.com" for 127.0.0.1 at 2015-07-05 14:17:34 -0700
Processing by StacksController#get_stacks as */*
  Parameters: {"url"=>"http://www.wappalyzer.com"}
Completed 200 OK in 1ms (Views: 0.1ms | ActiveRecord: 0.0ms)


Started GET "/analyze?url=http://www.wappalyzer.com" for 127.0.0.1 at 2015-07-05 14:17:35 -0700
Processing by StacksController#get_stacks as */*
  Parameters: {"url"=>"http://www.wappalyzer.com"}
Completed 200 OK in 1ms (Views: 0.1ms | ActiveRecord: 0.0ms)


Started GET "/analyze?url=http://www.wappalyzer.com" for 127.0.0.1 at 2015-07-05 14:17:36 -0700
Processing by StacksController#get_stacks as */*
  Parameters: {"url"=>"http://www.wappalyzer.com"}
Completed 200 OK in 1ms (Views: 0.1ms | ActiveRecord: 0.0ms)


Started GET "/analyze?url=http://www.wappalyzer.com" for 127.0.0.1 at 2015-07-05 14:17:37 -0700
Processing by StacksController#get_stacks as */*
  Parameters: {"url"=>"http://www.wappalyzer.com"}
Completed 200 OK in 2ms (Views: 0.2ms | ActiveRecord: 0.0ms)


Started GET "/analyze?url=http://www.wappalyzer.com" for 127.0.0.1 at 2015-07-05 14:17:41 -0700
Processing by StacksController#get_stacks as */*
  Parameters: {"url"=>"http://www.wappalyzer.com"}
Completed 200 OK in 2ms (Views: 0.2ms | ActiveRecord: 0.0ms)


Started GET "/analyze?url=http://http://www.wappalyzer.com" for 127.0.0.1 at 2015-07-05 14:21:33 -0700
Processing by StacksController#get_stacks as */*
  Parameters: {"url"=>"http://http://www.wappalyzer.com"}
Completed 200 OK in 1ms (Views: 0.1ms | ActiveRecord: 0.0ms)


Started GET "/analyze?url=http://http://www.wappalyzer.com" for 127.0.0.1 at 2015-07-05 14:21:34 -0700
Processing by StacksController#get_stacks as */*
  Parameters: {"url"=>"http://http://www.wappalyzer.com"}
Completed 200 OK in 1ms (Views: 0.1ms | ActiveRecord: 0.0ms)


Started GET "/analyze?url=http://http://www.wappalyzer.com" for 127.0.0.1 at 2015-07-05 14:21:35 -0700
Processing by StacksController#get_stacks as */*
  Parameters: {"url"=>"http://http://www.wappalyzer.com"}
Completed 200 OK in 1ms (Views: 0.1ms | ActiveRecord: 0.0ms)


Started GET "/analyze?url=http://www.wappalyzer.com" for 127.0.0.1 at 2015-07-05 14:21:46 -0700
Processing by StacksController#get_stacks as */*
  Parameters: {"url"=>"http://www.wappalyzer.com"}
Completed 200 OK in 1ms (Views: 0.1ms | ActiveRecord: 0.0ms)


Started GET "/analyze?url=https://www.wappalyzer.com" for 127.0.0.1 at 2015-07-05 14:21:49 -0700
Processing by StacksController#get_stacks as */*
  Parameters: {"url"=>"https://www.wappalyzer.com"}
Completed 200 OK in 1ms (Views: 0.1ms | ActiveRecord: 0.0ms)


Started GET "/analyze?url=https://www.wappalyzer.com" for 127.0.0.1 at 2015-07-05 14:21:50 -0700
Processing by StacksController#get_stacks as */*
  Parameters: {"url"=>"https://www.wappalyzer.com"}
Completed 200 OK in 1ms (Views: 0.2ms | ActiveRecord: 0.0ms)


Started GET "/analyze?url=https://www.wappalyzer.com" for 127.0.0.1 at 2015-07-05 14:21:51 -0700
Processing by StacksController#get_stacks as */*
  Parameters: {"url"=>"https://www.wappalyzer.com"}
Completed 200 OK in 1ms (Views: 0.2ms | ActiveRecord: 0.0ms)


Started GET "/analyze?url=https://www.wappalyzer.com" for 127.0.0.1 at 2015-07-05 14:21:52 -0700
Processing by StacksController#get_stacks as */*
  Parameters: {"url"=>"https://www.wappalyzer.com"}
Completed 200 OK in 1ms (Views: 0.1ms | ActiveRecord: 0.0ms)


Started GET "/analyze?url=https://www.wappalyzer.com" for 127.0.0.1 at 2015-07-05 14:21:56 -0700
Processing by StacksController#get_stacks as */*
  Parameters: {"url"=>"https://www.wappalyzer.com"}
Completed 200 OK in 2ms (Views: 0.1ms | ActiveRecord: 0.0ms)


Started GET "/analyze?url=https://www.wasppalyzer.com" for 127.0.0.1 at 2015-07-05 14:32:39 -0700
Processing by StacksController#get_stacks as */*
  Parameters: {"url"=>"https://www.wasppalyzer.com"}
Completed 200 OK in 1ms (Views: 0.2ms | ActiveRecord: 0.0ms)


Started GET "/analyze?url=https://www.wasppalyzer.com" for 127.0.0.1 at 2015-07-05 14:33:29 -0700
Processing by StacksController#get_stacks as */*
  Parameters: {"url"=>"https://www.wasppalyzer.com"}
Completed 200 OK in 2ms (Views: 0.1ms | ActiveRecord: 0.0ms)


Started GET "/analyze?url=https://www.wappalyzer.com" for 127.0.0.1 at 2015-07-05 14:33:32 -0700
Processing by StacksController#get_stacks as */*
  Parameters: {"url"=>"https://www.wappalyzer.com"}
Completed 200 OK in 1ms (Views: 0.1ms | ActiveRecord: 0.0ms)


Started GET "/" for 127.0.0.1 at 2015-07-05 15:02:32 -0700
Processing by Rails::WelcomeController#index as HTML
  Rendered /Users/timothychung/.rvm/gems/ruby-2.1.5/gems/railties-4.1.7/lib/rails/templates/rails/welcome/index.html.erb (2.6ms)
Completed 200 OK in 22ms (Views: 13.6ms | ActiveRecord: 0.0ms)


Started GET "/analyze?url=https://www.wappalyzer.com" for 127.0.0.1 at 2015-07-06 10:57:43 -0700
Processing by StacksController#get_stacks as */*
  Parameters: {"url"=>"https://www.wappalyzer.com"}
Completed 200 OK in 10ms (Views: 0.1ms | ActiveRecord: 0.0ms)


Started GET "/analyze?url=https://www.tusplus.com" for 127.0.0.1 at 2015-07-06 10:57:53 -0700
Processing by StacksController#get_stacks as */*
  Parameters: {"url"=>"https://www.tusplus.com"}
Completed 200 OK in 4ms (Views: 0.3ms | ActiveRecord: 0.0ms)


Started GET "/analyze?url=https://www.tusplus.com" for 127.0.0.1 at 2015-07-06 10:57:59 -0700
Processing by StacksController#get_stacks as */*
  Parameters: {"url"=>"https://www.tusplus.com"}
Completed 200 OK in 1ms (Views: 0.2ms | ActiveRecord: 0.0ms)


Started GET "/analyze?url=https://www.tusplus.com" for 127.0.0.1 at 2015-07-06 10:58:08 -0700
Processing by StacksController#get_stacks as */*
  Parameters: {"url"=>"https://www.tusplus.com"}
Completed 200 OK in 1ms (Views: 0.1ms | ActiveRecord: 0.0ms)


Started GET "/analyze?url=http://www.tusplus.com" for 127.0.0.1 at 2015-07-06 10:58:12 -0700
Processing by StacksController#get_stacks as */*
  Parameters: {"url"=>"http://www.tusplus.com"}
Completed 200 OK in 1ms (Views: 0.2ms | ActiveRecord: 0.0ms)


Started GET "/analyze?url=http://www.tusplus.com" for 127.0.0.1 at 2015-07-06 10:58:13 -0700
Processing by StacksController#get_stacks as */*
  Parameters: {"url"=>"http://www.tusplus.com"}
Completed 200 OK in 1ms (Views: 0.1ms | ActiveRecord: 0.0ms)


Started GET "/analyze?url=http://www.tusplus.com" for 127.0.0.1 at 2015-07-06 10:58:22 -0700
Processing by StacksController#get_stacks as */*
  Parameters: {"url"=>"http://www.tusplus.com"}
Completed 200 OK in 1ms (Views: 0.1ms | ActiveRecord: 0.0ms)


Started GET "/analyze?url=http://www.tusplus.com" for 127.0.0.1 at 2015-07-06 10:58:31 -0700
Processing by StacksController#get_stacks as */*
  Parameters: {"url"=>"http://www.tusplus.com"}
Completed 200 OK in 1ms (Views: 0.1ms | ActiveRecord: 0.0ms)


Started GET "/analyze?url=http://www.tusplus.com" for 127.0.0.1 at 2015-07-06 10:58:32 -0700
Processing by StacksController#get_stacks as */*
  Parameters: {"url"=>"http://www.tusplus.com"}
Completed 200 OK in 1ms (Views: 0.1ms | ActiveRecord: 0.0ms)


Started GET "/analyze?url=http://www.tusplus.com" for 127.0.0.1 at 2015-07-06 10:58:50 -0700
Processing by StacksController#get_stacks as */*
  Parameters: {"url"=>"http://www.tusplus.com"}
Completed 200 OK in 2ms (Views: 0.1ms | ActiveRecord: 0.0ms)


Started GET "/analyze?url=http://www.tusplus.com" for 127.0.0.1 at 2015-07-06 10:58:56 -0700
Processing by StacksController#get_stacks as */*
  Parameters: {"url"=>"http://www.tusplus.com"}
Completed 200 OK in 1ms (Views: 0.1ms | ActiveRecord: 0.0ms)


Started GET "/analyze?url=http://www.tutsplus.com" for 127.0.0.1 at 2015-07-06 10:59:55 -0700
Processing by StacksController#get_stacks as */*
  Parameters: {"url"=>"http://www.tutsplus.com"}
Completed 200 OK in 3ms (Views: 0.3ms | ActiveRecord: 0.0ms)


Started GET "/analyze?url=http://www.tutsplus.com" for 127.0.0.1 at 2015-07-06 11:00:00 -0700
Processing by StacksController#get_stacks as */*
  Parameters: {"url"=>"http://www.tutsplus.com"}
Completed 200 OK in 1ms (Views: 0.1ms | ActiveRecord: 0.0ms)


Started GET "/analyze?url=http://www.tutsplus.com" for 127.0.0.1 at 2015-07-06 11:02:16 -0700
Processing by StacksController#get_stacks as */*
  Parameters: {"url"=>"http://www.tutsplus.com"}
Completed 200 OK in 1ms (Views: 0.1ms | ActiveRecord: 0.0ms)


Started GET "/analyze?url=http://www.tutsplus.com" for 127.0.0.1 at 2015-07-06 11:02:21 -0700
Processing by StacksController#get_stacks as */*
  Parameters: {"url"=>"http://www.tutsplus.com"}
Completed 200 OK in 1ms (Views: 0.1ms | ActiveRecord: 0.0ms)


Started GET "/analyze?url=http://www.tutsplus.com" for 127.0.0.1 at 2015-07-06 11:03:53 -0700
Processing by StacksController#get_stacks as */*
  Parameters: {"url"=>"http://www.tutsplus.com"}
Completed 200 OK in 1ms (Views: 0.1ms | ActiveRecord: 0.0ms)


Started GET "/analyze?url=http://www.tutsplus.com" for 127.0.0.1 at 2015-07-06 11:03:53 -0700
Processing by StacksController#get_stacks as */*
  Parameters: {"url"=>"http://www.tutsplus.com"}
Completed 200 OK in 1ms (Views: 0.1ms | ActiveRecord: 0.0ms)


Started GET "/analyze?url=http://www.tutsplus.com" for 127.0.0.1 at 2015-07-06 11:03:53 -0700
Processing by StacksController#get_stacks as */*
  Parameters: {"url"=>"http://www.tutsplus.com"}
Completed 200 OK in 1ms (Views: 0.1ms | ActiveRecord: 0.0ms)


Started GET "/analyze?url=http://www.tutsplus.com" for 127.0.0.1 at 2015-07-06 11:03:54 -0700
Processing by StacksController#get_stacks as */*
  Parameters: {"url"=>"http://www.tutsplus.com"}
Completed 200 OK in 1ms (Views: 0.2ms | ActiveRecord: 0.0ms)


Started GET "/analyze?url=http://www.tutsplus.com" for 127.0.0.1 at 2015-07-06 11:03:54 -0700
Processing by StacksController#get_stacks as */*
  Parameters: {"url"=>"http://www.tutsplus.com"}
Completed 200 OK in 1ms (Views: 0.1ms | ActiveRecord: 0.0ms)


Started GET "/analyze?url=http://www.tutsplus.com" for 127.0.0.1 at 2015-07-06 11:03:54 -0700
Processing by StacksController#get_stacks as */*
  Parameters: {"url"=>"http://www.tutsplus.com"}
Completed 200 OK in 1ms (Views: 0.1ms | ActiveRecord: 0.0ms)


Started GET "/analyze?url=http://www.tutsplus.com" for 127.0.0.1 at 2015-07-06 11:03:54 -0700
Processing by StacksController#get_stacks as */*
  Parameters: {"url"=>"http://www.tutsplus.com"}
Completed 200 OK in 1ms (Views: 0.1ms | ActiveRecord: 0.0ms)


Started GET "/analyze?url=http://www.tutsplus.com" for 127.0.0.1 at 2015-07-06 11:03:55 -0700
Processing by StacksController#get_stacks as */*
  Parameters: {"url"=>"http://www.tutsplus.com"}
Completed 200 OK in 1ms (Views: 0.1ms | ActiveRecord: 0.0ms)


Started GET "/" for 127.0.0.1 at 2015-07-06 12:12:37 -0700
Processing by Rails::WelcomeController#index as HTML
  Rendered /Users/timothychung/.rvm/gems/ruby-2.1.5/gems/railties-4.1.7/lib/rails/templates/rails/welcome/index.html.erb (6.0ms)
Completed 200 OK in 50ms (Views: 43.5ms | ActiveRecord: 0.0ms)


Started GET "/" for 127.0.0.1 at 2015-07-06 12:20:31 -0700
Processing by Rails::WelcomeController#index as HTML
  Rendered /Users/timothychung/.rvm/gems/ruby-2.1.5/gems/railties-4.1.7/lib/rails/templates/rails/welcome/index.html.erb (0.1ms)
Completed 200 OK in 4ms (Views: 3.4ms | ActiveRecord: 0.0ms)
  [1m[36m (1.8ms)[0m  [1mCREATE TABLE "schema_migrations" ("version" varchar(255) NOT NULL) [0m
  [1m[35m (0.3ms)[0m  select sqlite_version(*)
  [1m[36m (0.9ms)[0m  [1mCREATE UNIQUE INDEX "unique_schema_migrations" ON "schema_migrations" ("version")[0m
  [1m[35mActiveRecord::SchemaMigration Load (0.2ms)[0m  SELECT "schema_migrations".* FROM "schema_migrations"


Started GET "/" for 127.0.0.1 at 2015-07-06 12:56:00 -0700
Processing by Rails::WelcomeController#index as HTML
  Rendered /Users/timothychung/.rvm/gems/ruby-2.1.5/gems/railties-4.1.7/lib/rails/templates/rails/welcome/index.html.erb (0.1ms)
Completed 200 OK in 4ms (Views: 3.5ms | ActiveRecord: 0.0ms)


Started GET "/" for 127.0.0.1 at 2015-07-06 12:58:12 -0700
Processing by Rails::WelcomeController#index as HTML
  Rendered /Users/timothychung/.rvm/gems/ruby-2.0.0-p645/gems/railties-4.1.7/lib/rails/templates/rails/welcome/index.html.erb (2.8ms)
Completed 200 OK in 22ms (Views: 13.1ms | ActiveRecord: 0.0ms)


Started GET "/analyze?url=http://www.tutsplus.com" for 127.0.0.1 at 2015-07-06 13:00:04 -0700
Processing by StacksController#get_stacks as */*
  Parameters: {"url"=>"http://www.tutsplus.com"}
Completed 200 OK in 11ms (Views: 0.1ms | ActiveRecord: 0.0ms)


Started GET "/analyze?url=http://www.tutsplus.com" for 127.0.0.1 at 2015-07-06 13:00:06 -0700
Processing by StacksController#get_stacks as */*
  Parameters: {"url"=>"http://www.tutsplus.com"}
Completed 200 OK in 2ms (Views: 0.1ms | ActiveRecord: 0.0ms)


Started GET "/analyze?url=http://www.tutsplus.com" for 127.0.0.1 at 2015-07-06 13:00:08 -0700
Processing by StacksController#get_stacks as */*
  Parameters: {"url"=>"http://www.tutsplus.com"}
Completed 200 OK in 1ms (Views: 0.1ms | ActiveRecord: 0.0ms)


Started GET "/" for 127.0.0.1 at 2015-07-06 13:00:14 -0700
Processing by Rails::WelcomeController#index as HTML
  Rendered /Users/timothychung/.rvm/gems/ruby-2.0.0-p645/gems/railties-4.1.7/lib/rails/templates/rails/welcome/index.html.erb (3.5ms)
Completed 200 OK in 15ms (Views: 14.5ms | ActiveRecord: 0.0ms)


Started GET "/analyze?url=http://localizejs.com/" for 127.0.0.1 at 2015-07-06 16:12:02 -0700
Processing by StacksController#get_stacks as */*
  Parameters: {"url"=>"http://localizejs.com/"}
Completed 200 OK in 17ms (Views: 0.6ms | ActiveRecord: 0.0ms)


Started GET "/analyze?url=http://localizejs.com/" for 127.0.0.1 at 2015-07-06 16:12:10 -0700
Processing by StacksController#get_stacks as */*
  Parameters: {"url"=>"http://localizejs.com/"}
Completed 200 OK in 1ms (Views: 0.1ms | ActiveRecord: 0.0ms)


Started GET "/analyze?url=http://localizejs.com/" for 127.0.0.1 at 2015-07-06 17:05:18 -0700
Processing by StacksController#get_stacks as */*
  Parameters: {"url"=>"http://localizejs.com/"}
Completed 200 OK in 7ms (Views: 0.4ms | ActiveRecord: 0.0ms)


Started GET "/analyze?url=http://localizejs.com/" for 127.0.0.1 at 2015-07-06 17:30:36 -0700
Processing by StacksController#get_stacks as */*
  Parameters: {"url"=>"http://localizejs.com/"}
Completed 200 OK in 11ms (Views: 0.2ms | ActiveRecord: 0.0ms)


Started GET "/analyze?url=http://localizejs.com/" for 127.0.0.1 at 2015-07-06 17:30:41 -0700
Processing by StacksController#get_stacks as */*
  Parameters: {"url"=>"http://localizejs.com/"}
Completed 200 OK in 1ms (Views: 0.1ms | ActiveRecord: 0.0ms)


Started GET "/analyze?url=http://localizejs.com/&refresh=true" for 127.0.0.1 at 2015-07-06 17:30:51 -0700
Processing by StacksController#get_stacks as */*
  Parameters: {"url"=>"http://localizejs.com/", "refresh"=>"true"}
Completed 200 OK in 5ms (Views: 0.3ms | ActiveRecord: 0.0ms)


Started GET "/analyze?url=http://localizejs.com/&refresh=true" for 127.0.0.1 at 2015-07-06 17:30:54 -0700
Processing by StacksController#get_stacks as */*
  Parameters: {"url"=>"http://localizejs.com/", "refresh"=>"true"}
Completed 200 OK in 2ms (Views: 0.2ms | ActiveRecord: 0.0ms)


Started GET "/analyze?url=http://localizejs.com/&refresh=true" for 127.0.0.1 at 2015-07-06 17:30:56 -0700
Processing by StacksController#get_stacks as */*
  Parameters: {"url"=>"http://localizejs.com/", "refresh"=>"true"}
Completed 200 OK in 1ms (Views: 0.2ms | ActiveRecord: 0.0ms)


Started GET "/analyze?url=http://localizejs.com/" for 127.0.0.1 at 2015-07-06 17:31:01 -0700
Processing by StacksController#get_stacks as */*
  Parameters: {"url"=>"http://localizejs.com/"}
Completed 200 OK in 1ms (Views: 0.1ms | ActiveRecord: 0.0ms)


Started GET "/analyze?url=http://localizejs.com/" for 127.0.0.1 at 2015-07-06 17:57:12 -0700
Processing by StacksController#get_stacks as */*
  Parameters: {"url"=>"http://localizejs.com/"}
Completed 200 OK in 1ms (Views: 0.1ms | ActiveRecord: 0.0ms)


Started GET "/" for 127.0.0.1 at 2015-07-06 18:06:34 -0700
Processing by Rails::WelcomeController#index as HTML
  Rendered /Users/timothychung/.rvm/gems/ruby-2.0.0-p645/gems/railties-4.1.7/lib/rails/templates/rails/welcome/index.html.erb (2.5ms)
Completed 200 OK in 16ms (Views: 15.7ms | ActiveRecord: 0.0ms)


Started GET "/analyze?url=http://localizejs.com/&refresh=true" for 127.0.0.1 at 2015-07-06 18:36:07 -0700
Processing by StacksController#get_stacks as */*
  Parameters: {"url"=>"http://localizejs.com/", "refresh"=>"true"}
Completed 200 OK in 17ms (Views: 0.2ms | ActiveRecord: 0.0ms)


Started GET "/analyze?url=http://localizejs.com/&refresh=true" for 127.0.0.1 at 2015-07-06 18:36:19 -0700
Processing by StacksController#get_stacks as */*
  Parameters: {"url"=>"http://localizejs.com/", "refresh"=>"true"}
Completed 200 OK in 1ms (Views: 0.2ms | ActiveRecord: 0.0ms)


Started GET "/analyze?url=http://localizejs.com/&refresh=true" for 127.0.0.1 at 2015-07-06 18:38:20 -0700
Processing by StacksController#get_stacks as */*
  Parameters: {"url"=>"http://localizejs.com/", "refresh"=>"true"}
Completed 200 OK in 1ms (Views: 0.2ms | ActiveRecord: 0.0ms)


Started GET "/analyze?url=http://localizejs.com/" for 127.0.0.1 at 2015-07-06 18:38:26 -0700
Processing by StacksController#get_stacks as */*
  Parameters: {"url"=>"http://localizejs.com/"}
Completed 200 OK in 1ms (Views: 0.1ms | ActiveRecord: 0.0ms)


Started GET "/analyze?url=http://localizejs.com/" for 127.0.0.1 at 2015-07-06 18:38:27 -0700
Processing by StacksController#get_stacks as */*
  Parameters: {"url"=>"http://localizejs.com/"}
Completed 200 OK in 1ms (Views: 0.1ms | ActiveRecord: 0.0ms)


Started GET "/analyze?url=http://localizejs.com/" for 127.0.0.1 at 2015-07-06 18:38:29 -0700
Processing by StacksController#get_stacks as */*
  Parameters: {"url"=>"http://localizejs.com/"}
Completed 200 OK in 1ms (Views: 0.1ms | ActiveRecord: 0.0ms)


Started GET "/analyze?url=http://localizejs.com/" for 127.0.0.1 at 2015-07-06 18:38:30 -0700
Processing by StacksController#get_stacks as */*
  Parameters: {"url"=>"http://localizejs.com/"}
Completed 200 OK in 1ms (Views: 0.1ms | ActiveRecord: 0.0ms)


Started GET "/analyze?url=http://localizejs.com/" for 127.0.0.1 at 2015-07-06 18:38:34 -0700
Processing by StacksController#get_stacks as */*
  Parameters: {"url"=>"http://localizejs.com/"}
Completed 200 OK in 1ms (Views: 0.1ms | ActiveRecord: 0.0ms)


Started GET "/analyze?url=http://localizejs.com/" for 127.0.0.1 at 2015-07-06 18:38:35 -0700
Processing by StacksController#get_stacks as */*
  Parameters: {"url"=>"http://localizejs.com/"}
Completed 200 OK in 1ms (Views: 0.1ms | ActiveRecord: 0.0ms)


Started GET "/analyze?url=http://localizejs.com/" for 127.0.0.1 at 2015-07-06 18:38:36 -0700
Processing by StacksController#get_stacks as */*
  Parameters: {"url"=>"http://localizejs.com/"}
Completed 200 OK in 1ms (Views: 0.1ms | ActiveRecord: 0.0ms)


Started GET "/analyze?url=http://localizejs.com/" for 127.0.0.1 at 2015-07-06 18:38:52 -0700
Processing by StacksController#get_stacks as */*
  Parameters: {"url"=>"http://localizejs.com/"}
Completed 200 OK in 1ms (Views: 0.1ms | ActiveRecord: 0.0ms)


Started GET "/analyze?url=http://localizejs.com/&refresh=true" for 127.0.0.1 at 2015-07-06 18:39:02 -0700
Processing by StacksController#get_stacks as */*
  Parameters: {"url"=>"http://localizejs.com/", "refresh"=>"true"}
Completed 200 OK in 2ms (Views: 0.2ms | ActiveRecord: 0.0ms)


Started GET "/analyze?url=http://localizejs.com/" for 127.0.0.1 at 2015-07-06 18:39:08 -0700
Processing by StacksController#get_stacks as */*
  Parameters: {"url"=>"http://localizejs.com/"}
Completed 200 OK in 1ms (Views: 0.1ms | ActiveRecord: 0.0ms)


Started GET "/analyze?url=http://localizejs.com/" for 127.0.0.1 at 2015-07-06 18:39:09 -0700
Processing by StacksController#get_stacks as */*
  Parameters: {"url"=>"http://localizejs.com/"}
Completed 200 OK in 1ms (Views: 0.1ms | ActiveRecord: 0.0ms)


Started GET "/analyze?url=http://localizejs.com/" for 127.0.0.1 at 2015-07-06 18:40:43 -0700
Processing by StacksController#get_stacks as */*
  Parameters: {"url"=>"http://localizejs.com/"}
Completed 200 OK in 9ms (Views: 0.1ms | ActiveRecord: 0.0ms)


Started GET "/analyze?url=http://airbnb.com" for 127.0.0.1 at 2015-07-06 18:40:51 -0700
Processing by StacksController#get_stacks as */*
  Parameters: {"url"=>"http://airbnb.com"}
Completed 200 OK in 4ms (Views: 0.3ms | ActiveRecord: 0.0ms)


Started GET "/analyze?url=http://airbnb.com" for 127.0.0.1 at 2015-07-06 18:40:57 -0700
Processing by StacksController#get_stacks as */*
  Parameters: {"url"=>"http://airbnb.com"}
Completed 200 OK in 1ms (Views: 0.1ms | ActiveRecord: 0.0ms)


Started GET "/analyze?url=http://airbnb.com" for 127.0.0.1 at 2015-07-06 18:40:58 -0700
Processing by StacksController#get_stacks as */*
  Parameters: {"url"=>"http://airbnb.com"}
Completed 200 OK in 1ms (Views: 0.1ms | ActiveRecord: 0.0ms)


Started GET "/analyze?url=http://stackshare.io" for 127.0.0.1 at 2015-07-06 18:41:09 -0700
Processing by StacksController#get_stacks as */*
  Parameters: {"url"=>"http://stackshare.io"}
Completed 200 OK in 1ms (Views: 0.1ms | ActiveRecord: 0.0ms)


Started GET "/analyze?url=http://stackshare.io" for 127.0.0.1 at 2015-07-06 18:41:11 -0700
Processing by StacksController#get_stacks as */*
  Parameters: {"url"=>"http://stackshare.io"}
Completed 200 OK in 1ms (Views: 0.2ms | ActiveRecord: 0.0ms)


Started GET "/analyze?url=http://stackshare.io" for 127.0.0.1 at 2015-07-06 18:41:13 -0700
Processing by StacksController#get_stacks as */*
  Parameters: {"url"=>"http://stackshare.io"}
Completed 200 OK in 2ms (Views: 0.2ms | ActiveRecord: 0.0ms)


Started GET "/analyze?url=http://stackshare.io" for 127.0.0.1 at 2015-07-06 18:41:13 -0700
Processing by StacksController#get_stacks as */*
  Parameters: {"url"=>"http://stackshare.io"}
Completed 200 OK in 1ms (Views: 0.2ms | ActiveRecord: 0.0ms)


Started GET "/analyze?url=http://stackshare.io" for 127.0.0.1 at 2015-07-06 18:41:14 -0700
Processing by StacksController#get_stacks as */*
  Parameters: {"url"=>"http://stackshare.io"}
Completed 200 OK in 1ms (Views: 0.1ms | ActiveRecord: 0.0ms)


Started GET "/analyze?url=http://stackshare.io" for 127.0.0.1 at 2015-07-06 18:41:16 -0700
Processing by StacksController#get_stacks as */*
  Parameters: {"url"=>"http://stackshare.io"}
Completed 200 OK in 1ms (Views: 0.1ms | ActiveRecord: 0.0ms)


Started GET "/analyze?url=http://stackshare.io" for 127.0.0.1 at 2015-07-06 18:41:16 -0700
Processing by StacksController#get_stacks as */*
  Parameters: {"url"=>"http://stackshare.io"}
Completed 200 OK in 1ms (Views: 0.1ms | ActiveRecord: 0.0ms)


Started GET "/analyze?url=http://stackshare.io" for 127.0.0.1 at 2015-07-06 18:41:17 -0700
Processing by StacksController#get_stacks as */*
  Parameters: {"url"=>"http://stackshare.io"}
Completed 200 OK in 2ms (Views: 0.5ms | ActiveRecord: 0.0ms)


Started GET "/analyze?url=http://stackshare.io&refresh=true" for 127.0.0.1 at 2015-07-06 18:41:27 -0700
Processing by StacksController#get_stacks as */*
  Parameters: {"url"=>"http://stackshare.io", "refresh"=>"true"}
Completed 200 OK in 1ms (Views: 0.2ms | ActiveRecord: 0.0ms)


Started GET "/analyze?url=http://stackshare.io&refresh=true" for 127.0.0.1 at 2015-07-06 18:41:35 -0700
Processing by StacksController#get_stacks as */*
  Parameters: {"url"=>"http://stackshare.io", "refresh"=>"true"}
Completed 200 OK in 1ms (Views: 0.2ms | ActiveRecord: 0.0ms)


Started GET "/analyze?url=http://stackshare.io" for 127.0.0.1 at 2015-07-06 18:41:47 -0700
Processing by StacksController#get_stacks as */*
  Parameters: {"url"=>"http://stackshare.io"}
Completed 200 OK in 2ms (Views: 0.2ms | ActiveRecord: 0.0ms)


Started GET "/analyze?url=http://stackshare.io&refresh=true" for 127.0.0.1 at 2015-07-06 18:42:00 -0700
Processing by StacksController#get_stacks as */*
  Parameters: {"url"=>"http://stackshare.io", "refresh"=>"true"}
Completed 200 OK in 1ms (Views: 0.2ms | ActiveRecord: 0.0ms)


Started GET "/analyze?url=http://stackshare.io" for 127.0.0.1 at 2015-07-06 18:42:08 -0700
Processing by StacksController#get_stacks as */*
  Parameters: {"url"=>"http://stackshare.io"}
Completed 200 OK in 1ms (Views: 0.1ms | ActiveRecord: 0.0ms)


Started GET "/analyze?url=https://localizejs.com" for 127.0.0.1 at 2015-07-06 18:42:30 -0700
Processing by StacksController#get_stacks as */*
  Parameters: {"url"=>"https://localizejs.com"}
Completed 200 OK in 1ms (Views: 0.1ms | ActiveRecord: 0.0ms)


Started GET "/analyze?url=https://localizejs.com" for 127.0.0.1 at 2015-07-06 18:42:43 -0700
Processing by StacksController#get_stacks as */*
  Parameters: {"url"=>"https://localizejs.com"}
Completed 200 OK in 1ms (Views: 0.2ms | ActiveRecord: 0.0ms)


Started GET "/analyze?url=https://localizejs.com" for 127.0.0.1 at 2015-07-06 18:42:44 -0700
Processing by StacksController#get_stacks as */*
  Parameters: {"url"=>"https://localizejs.com"}
Completed 200 OK in 2ms (Views: 0.2ms | ActiveRecord: 0.0ms)


Started GET "/analyze?url=https://localizejs.com" for 127.0.0.1 at 2015-07-06 18:42:50 -0700
Processing by StacksController#get_stacks as */*
  Parameters: {"url"=>"https://localizejs.com"}
Completed 200 OK in 1ms (Views: 0.2ms | ActiveRecord: 0.0ms)


Started GET "/analyze?url=https://localizejs.com" for 127.0.0.1 at 2015-07-06 18:42:52 -0700
Processing by StacksController#get_stacks as */*
  Parameters: {"url"=>"https://localizejs.com"}
Completed 200 OK in 1ms (Views: 0.1ms | ActiveRecord: 0.0ms)


Started GET "/analyze?url=https://localizejs.com" for 127.0.0.1 at 2015-07-06 18:42:52 -0700
Processing by StacksController#get_stacks as */*
  Parameters: {"url"=>"https://localizejs.com"}
Completed 200 OK in 1ms (Views: 0.1ms | ActiveRecord: 0.0ms)


Started GET "/analyze?url=https://localizejs.com" for 127.0.0.1 at 2015-07-06 18:42:53 -0700
Processing by StacksController#get_stacks as */*
  Parameters: {"url"=>"https://localizejs.com"}
Completed 200 OK in 1ms (Views: 0.1ms | ActiveRecord: 0.0ms)


Started GET "/analyze?url=https://localizejs.com" for 127.0.0.1 at 2015-07-06 18:42:53 -0700
Processing by StacksController#get_stacks as */*
  Parameters: {"url"=>"https://localizejs.com"}
Completed 200 OK in 1ms (Views: 0.1ms | ActiveRecord: 0.0ms)


Started GET "/analyze?url=http://localizejs.com" for 127.0.0.1 at 2015-07-06 18:42:56 -0700
Processing by StacksController#get_stacks as */*
  Parameters: {"url"=>"http://localizejs.com"}
Completed 200 OK in 1ms (Views: 0.1ms | ActiveRecord: 0.0ms)


Started GET "/analyze?url=http://localizejs.com" for 127.0.0.1 at 2015-07-06 18:43:02 -0700
Processing by StacksController#get_stacks as */*
  Parameters: {"url"=>"http://localizejs.com"}
Completed 200 OK in 1ms (Views: 0.1ms | ActiveRecord: 0.0ms)


Started GET "/analyze?url=http://localizejs.com&refresh=true" for 127.0.0.1 at 2015-07-06 18:43:11 -0700
Processing by StacksController#get_stacks as */*
  Parameters: {"url"=>"http://localizejs.com", "refresh"=>"true"}
Completed 200 OK in 1ms (Views: 0.1ms | ActiveRecord: 0.0ms)


Started GET "/analyze?url=http://localizejs.com&refresh=true" for 127.0.0.1 at 2015-07-06 18:43:13 -0700
Processing by StacksController#get_stacks as */*
  Parameters: {"url"=>"http://localizejs.com", "refresh"=>"true"}
Completed 200 OK in 2ms (Views: 0.2ms | ActiveRecord: 0.0ms)


Started GET "/analyze?url=http://localizejs.com&refresh=true" for 127.0.0.1 at 2015-07-06 18:43:14 -0700
Processing by StacksController#get_stacks as */*
  Parameters: {"url"=>"http://localizejs.com", "refresh"=>"true"}
Completed 200 OK in 2ms (Views: 0.3ms | ActiveRecord: 0.0ms)


Started GET "/analyze?url=http://localizejs.com&refresh=true" for 127.0.0.1 at 2015-07-06 18:43:14 -0700
Processing by StacksController#get_stacks as */*
  Parameters: {"url"=>"http://localizejs.com", "refresh"=>"true"}
Completed 200 OK in 1ms (Views: 0.1ms | ActiveRecord: 0.0ms)


Started GET "/analyze?url=http://localizejs.com&refresh=true" for 127.0.0.1 at 2015-07-06 18:43:15 -0700
Processing by StacksController#get_stacks as */*
  Parameters: {"url"=>"http://localizejs.com", "refresh"=>"true"}
Completed 200 OK in 1ms (Views: 0.2ms | ActiveRecord: 0.0ms)


Started GET "/analyze?url=http://localizejs.com&refresh=true" for 127.0.0.1 at 2015-07-06 18:43:16 -0700
Processing by StacksController#get_stacks as */*
  Parameters: {"url"=>"http://localizejs.com", "refresh"=>"true"}
Completed 200 OK in 2ms (Views: 0.2ms | ActiveRecord: 0.0ms)


Started GET "/analyze?url=http://localizejs.com&refresh=true" for 127.0.0.1 at 2015-07-06 18:43:16 -0700
Processing by StacksController#get_stacks as */*
  Parameters: {"url"=>"http://localizejs.com", "refresh"=>"true"}
Completed 200 OK in 1ms (Views: 0.2ms | ActiveRecord: 0.0ms)


Started GET "/analyze?url=http://localizejs.com&refresh=true" for 127.0.0.1 at 2015-07-06 18:43:17 -0700
Processing by StacksController#get_stacks as */*
  Parameters: {"url"=>"http://localizejs.com", "refresh"=>"true"}
Completed 200 OK in 1ms (Views: 0.2ms | ActiveRecord: 0.0ms)


Started GET "/analyze?url=http://localizejs.com&refresh=true" for 127.0.0.1 at 2015-07-06 18:43:19 -0700
Processing by StacksController#get_stacks as */*
  Parameters: {"url"=>"http://localizejs.com", "refresh"=>"true"}
Completed 200 OK in 1ms (Views: 0.2ms | ActiveRecord: 0.0ms)


Started GET "/analyze?url=http://localizejs.com&refresh=true" for 127.0.0.1 at 2015-07-06 18:43:20 -0700
Processing by StacksController#get_stacks as */*
  Parameters: {"url"=>"http://localizejs.com", "refresh"=>"true"}
Completed 200 OK in 1ms (Views: 0.1ms | ActiveRecord: 0.0ms)


Started GET "/analyze?url=http://localizejs.com&refresh=true" for 127.0.0.1 at 2015-07-06 18:43:21 -0700
Processing by StacksController#get_stacks as */*
  Parameters: {"url"=>"http://localizejs.com", "refresh"=>"true"}
Completed 200 OK in 1ms (Views: 0.2ms | ActiveRecord: 0.0ms)


Started GET "/analyze?url=http://localizejs.com&refresh=true" for 127.0.0.1 at 2015-07-06 18:43:21 -0700
Processing by StacksController#get_stacks as */*
  Parameters: {"url"=>"http://localizejs.com", "refresh"=>"true"}
Completed 200 OK in 3ms (Views: 0.2ms | ActiveRecord: 0.0ms)


Started GET "/analyze?url=http://localizejs.com&refresh=true" for 127.0.0.1 at 2015-07-06 18:43:22 -0700
Processing by StacksController#get_stacks as */*
  Parameters: {"url"=>"http://localizejs.com", "refresh"=>"true"}
Completed 200 OK in 3ms (Views: 0.2ms | ActiveRecord: 0.0ms)


Started GET "/analyze?url=http://localizejs.com&refresh=true" for 127.0.0.1 at 2015-07-06 18:43:22 -0700
Processing by StacksController#get_stacks as */*
  Parameters: {"url"=>"http://localizejs.com", "refresh"=>"true"}
Completed 200 OK in 2ms (Views: 0.3ms | ActiveRecord: 0.0ms)


Started GET "/analyze?url=http://localizejs.com&refresh=true" for 127.0.0.1 at 2015-07-06 18:43:23 -0700
Processing by StacksController#get_stacks as */*
  Parameters: {"url"=>"http://localizejs.com", "refresh"=>"true"}
Completed 200 OK in 1ms (Views: 0.2ms | ActiveRecord: 0.0ms)


Started GET "/analyze?url=http://localizejs.com&refresh=true" for 127.0.0.1 at 2015-07-06 18:43:24 -0700
Processing by StacksController#get_stacks as */*
  Parameters: {"url"=>"http://localizejs.com", "refresh"=>"true"}
Completed 200 OK in 1ms (Views: 0.2ms | ActiveRecord: 0.0ms)


Started GET "/analyze?url=http://airbnb.com" for 127.0.0.1 at 2015-07-06 18:55:07 -0700
Processing by StacksController#get_stacks as XML
  Parameters: {"url"=>"http://airbnb.com"}
Completed 200 OK in 1ms (Views: 0.1ms | ActiveRecord: 0.0ms)


Started GET "/analyze?url=http://airbnb.com" for 127.0.0.1 at 2015-07-06 18:55:10 -0700
Processing by StacksController#get_stacks as XML
  Parameters: {"url"=>"http://airbnb.com"}
Completed 200 OK in 1ms (Views: 0.1ms | ActiveRecord: 0.0ms)


Started GET "/analyze?url=http://www.airbnb.com" for 127.0.0.1 at 2015-07-06 18:55:16 -0700
Processing by StacksController#get_stacks as XML
  Parameters: {"url"=>"http://www.airbnb.com"}
Completed 200 OK in 1ms (Views: 0.1ms | ActiveRecord: 0.0ms)


Started GET "/analyze?url=http://www.airbnb.com" for 127.0.0.1 at 2015-07-06 18:55:20 -0700
Processing by StacksController#get_stacks as XML
  Parameters: {"url"=>"http://www.airbnb.com"}
Completed 200 OK in 1ms (Views: 0.1ms | ActiveRecord: 0.0ms)


Started GET "/analyze?url=http://www.airbnb.com" for 127.0.0.1 at 2015-07-06 18:55:22 -0700
Processing by StacksController#get_stacks as XML
  Parameters: {"url"=>"http://www.airbnb.com"}
Completed 200 OK in 1ms (Views: 0.1ms | ActiveRecord: 0.0ms)


Started GET "/analyze?url=http://www.airbnb.com" for 127.0.0.1 at 2015-07-06 18:55:54 -0700
Processing by StacksController#get_stacks as XML
  Parameters: {"url"=>"http://www.airbnb.com"}
Completed 200 OK in 1ms (Views: 0.1ms | ActiveRecord: 0.0ms)


Started GET "/analyze?url=http://www.airbnb.com" for 127.0.0.1 at 2015-07-06 18:57:06 -0700
Processing by StacksController#get_stacks as XML
  Parameters: {"url"=>"http://www.airbnb.com"}
Completed 200 OK in 1ms (Views: 0.1ms | ActiveRecord: 0.0ms)


Started GET "/analyze?url=http://www.airbnb.com" for 127.0.0.1 at 2015-07-06 18:58:18 -0700
Processing by StacksController#get_stacks as XML
  Parameters: {"url"=>"http://www.airbnb.com"}
Completed 200 OK in 1ms (Views: 0.1ms | ActiveRecord: 0.0ms)


Started GET "/analyze?url=http://www.airbnb.com" for 127.0.0.1 at 2015-07-06 18:58:37 -0700
Processing by StacksController#get_stacks as XML
  Parameters: {"url"=>"http://www.airbnb.com"}
Completed 200 OK in 1ms (Views: 0.1ms | ActiveRecord: 0.0ms)


Started GET "/analyze?url=http://www.airbnb.com" for 127.0.0.1 at 2015-07-06 18:59:27 -0700
Processing by StacksController#get_stacks as XML
  Parameters: {"url"=>"http://www.airbnb.com"}
Completed 200 OK in 1ms (Views: 0.1ms | ActiveRecord: 0.0ms)


Started GET "/analyze?url=http://www.airbnb.com" for 127.0.0.1 at 2015-07-06 18:59:37 -0700
Processing by StacksController#get_stacks as XML
  Parameters: {"url"=>"http://www.airbnb.com"}
Completed 200 OK in 1ms (Views: 0.1ms | ActiveRecord: 0.0ms)


Started GET "/analyze?url=http://www.airbnb.com" for 127.0.0.1 at 2015-07-06 19:00:49 -0700
Processing by StacksController#get_stacks as XML
  Parameters: {"url"=>"http://www.airbnb.com"}
Completed 200 OK in 1ms (Views: 0.1ms | ActiveRecord: 0.0ms)


Started GET "/analyze?url=http://www.airbnb.com" for 127.0.0.1 at 2015-07-06 19:00:59 -0700
Processing by StacksController#get_stacks as XML
  Parameters: {"url"=>"http://www.airbnb.com"}
Completed 200 OK in 1ms (Views: 0.1ms | ActiveRecord: 0.0ms)
